# JRE version: OpenJDK Runtime Environment (8.0_242) (build 1.8.0_242-release-1644-b3-6222593)
# Java VM: OpenJDK 64-Bit Server VM (25.242-b3-6222593 mixed mode bsd-amd64 compressed oops)
Heap:
 PSYoungGen      total 553984K, used 263088K [0x0000000795580000, 0x00000007bfb80000, 0x00000007c0000000)
  eden space 409088K, 47% used [0x0000000795580000,0x00000007a1425178,0x00000007ae500000)
  from space 144896K, 46% used [0x00000007ae500000,0x00000007b27471a8,0x00000007b7280000)
  to   space 139776K, 0% used [0x00000007b7300000,0x00000007b7300000,0x00000007bfb80000)
 ParOldGen       total 603136K, used 396278K [0x0000000740000000, 0x0000000764d00000, 0x0000000795580000)
  object space 603136K, 65% used [0x0000000740000000,0x00000007582fdb98,0x0000000764d00000)
 Metaspace       used 375243K, capacity 388574K, committed 389672K, reserved 1392640K
  class space    used 44487K, capacity 46897K, committed 47144K, reserved 1048576K
GC Heap History (10 events):
Event: 16730.613 GC heap before
{Heap before GC invocations=174 (full 11):
 PSYoungGen      total 563200K, used 481100K [0x0000000795580000, 0x00000007c0000000, 0x00000007c0000000)
  eden space 422400K, 100% used [0x0000000795580000,0x00000007af200000,0x00000007af200000)
  from space 140800K, 41% used [0x00000007b7680000,0x00000007bafd33d0,0x00000007c0000000)
  to   space 135680K, 0% used [0x00000007af200000,0x00000007af200000,0x00000007b7680000)
 ParOldGen       total 603136K, used 281274K [0x0000000740000000, 0x0000000764d00000, 0x0000000795580000)
  object space 603136K, 46% used [0x0000000740000000,0x00000007512ae828,0x0000000764d00000)
 Metaspace       used 363321K, capacity 376474K, committed 378024K, reserved 1382400K
  class space    used 43103K, capacity 45463K, committed 45736K, reserved 1048576K
Event: 16731.085 GC heap after
Heap after GC invocations=174 (full 11):
 PSYoungGen      total 517632K, used 95153K [0x0000000795580000, 0x00000007c0000000, 0x00000007c0000000)
  eden space 422400K, 0% used [0x0000000795580000,0x0000000795580000,0x00000007af200000)
  from space 95232K, 99% used [0x00000007af200000,0x00000007b4eec7a0,0x00000007b4f00000)
  to   space 143872K, 0% used [0x00000007b7380000,0x00000007b7380000,0x00000007c0000000)
 ParOldGen       total 603136K, used 318460K [0x0000000740000000, 0x0000000764d00000, 0x0000000795580000)
  object space 603136K, 52% used [0x0000000740000000,0x00000007536ff1f8,0x0000000764d00000)
 Metaspace       used 363321K, capacity 376474K, committed 378024K, reserved 1382400K
  class space    used 43103K, capacity 45463K, committed 45736K, reserved 1048576K
}
Event: 17171.622 GC heap before
{Heap before GC invocations=175 (full 11):
 PSYoungGen      total 517632K, used 517553K [0x0000000795580000, 0x00000007c0000000, 0x00000007c0000000)
  eden space 422400K, 100% used [0x0000000795580000,0x00000007af200000,0x00000007af200000)
  from space 95232K, 99% used [0x00000007af200000,0x00000007b4eec7a0,0x00000007b4f00000)
  to   space 143872K, 0% used [0x00000007b7380000,0x00000007b7380000,0x00000007c0000000)
 ParOldGen       total 603136K, used 318460K [0x0000000740000000, 0x0000000764d00000, 0x0000000795580000)
  object space 603136K, 52% used [0x0000000740000000,0x00000007536ff1f8,0x0000000764d00000)
 Metaspace       used 363622K, capacity 376794K, committed 378024K, reserved 1382400K
  class space    used 43140K, capacity 45515K, committed 45736K, reserved 1048576K
Event: 17172.353 GC heap after
Heap after GC invocations=175 (full 11):
 PSYoungGen      total 559616K, used 27667K [0x0000000795580000, 0x00000007c0000000, 0x00000007c0000000)
  eden space 415744K, 0% used [0x0000000795580000,0x0000000795580000,0x00000007aeb80000)
  from space 143872K, 19% used [0x00000007b7380000,0x00000007b8e84f00,0x00000007c0000000)
  to   space 139264K, 0% used [0x00000007aeb80000,0x00000007aeb80000,0x00000007b7380000)
 ParOldGen       total 603136K, used 327363K [0x0000000740000000, 0x0000000764d00000, 0x0000000795580000)
  object space 603136K, 54% used [0x0000000740000000,0x0000000753fb0c68,0x0000000764d00000)
 Metaspace       used 363622K, capacity 376794K, committed 378024K, reserved 1382400K
  class space    used 43140K, capacity 45515K, committed 45736K, reserved 1048576K
}
Event: 17183.404 GC heap before
{Heap before GC invocations=176 (full 11):
 PSYoungGen      total 559616K, used 443411K [0x0000000795580000, 0x00000007c0000000, 0x00000007c0000000)
  eden space 415744K, 100% used [0x0000000795580000,0x00000007aeb80000,0x00000007aeb80000)
  from space 143872K, 19% used [0x00000007b7380000,0x00000007b8e84f00,0x00000007c0000000)
  to   space 139264K, 0% used [0x00000007aeb80000,0x00000007aeb80000,0x00000007b7380000)
 ParOldGen       total 603136K, used 327363K [0x0000000740000000, 0x0000000764d00000, 0x0000000795580000)
  object space 603136K, 54% used [0x0000000740000000,0x0000000753fb0c68,0x0000000764d00000)
 Metaspace       used 364151K, capacity 377404K, committed 378664K, reserved 1382400K
  class space    used 43191K, capacity 45590K, committed 45864K, reserved 1048576K
Event: 17183.583 GC heap after
Heap after GC invocations=176 (full 11):
 PSYoungGen      total 555008K, used 74703K [0x0000000795580000, 0x00000007bfb80000, 0x00000007c0000000)
  eden space 415744K, 0% used [0x0000000795580000,0x0000000795580000,0x00000007aeb80000)
  from space 139264K, 53% used [0x00000007aeb80000,0x00000007b3473cd8,0x00000007b7380000)
  to   space 139264K, 0% used [0x00000007b7380000,0x00000007b7380000,0x00000007bfb80000)
 ParOldGen       total 603136K, used 337114K [0x0000000740000000, 0x0000000764d00000, 0x0000000795580000)
  object space 603136K, 55% used [0x0000000740000000,0x0000000754936ba0,0x0000000764d00000)
 Metaspace       used 364151K, capacity 377404K, committed 378664K, reserved 1382400K
  class space    used 43191K, capacity 45590K, committed 45864K, reserved 1048576K
}
Event: 17185.970 GC heap before
{Heap before GC invocations=177 (full 11):
 PSYoungGen      total 555008K, used 490447K [0x0000000795580000, 0x00000007bfb80000, 0x00000007c0000000)
  eden space 415744K, 100% used [0x0000000795580000,0x00000007aeb80000,0x00000007aeb80000)
  from space 139264K, 53% used [0x00000007aeb80000,0x00000007b3473cd8,0x00000007b7380000)
  to   space 139264K, 0% used [0x00000007b7380000,0x00000007b7380000,0x00000007bfb80000)
 ParOldGen       total 603136K, used 337114K [0x0000000740000000, 0x0000000764d00000, 0x0000000795580000)
  object space 603136K, 55% used [0x0000000740000000,0x0000000754936ba0,0x0000000764d00000)
 Metaspace       used 369315K, capacity 382562K, committed 383784K, reserved 1386496K
  class space    used 43740K, capacity 46135K, committed 46376K, reserved 1048576K
Event: 17186.381 GC heap after
Heap after GC invocations=177 (full 11):
 PSYoungGen      total 548352K, used 91922K [0x0000000795580000, 0x00000007c0000000, 0x00000007c0000000)
  eden space 409088K, 0% used [0x0000000795580000,0x0000000795580000,0x00000007ae500000)
  from space 139264K, 66% used [0x00000007b7380000,0x00000007bcd44ba0,0x00000007bfb80000)
  to   space 144896K, 0% used [0x00000007ae500000,0x00000007ae500000,0x00000007b7280000)
 ParOldGen       total 603136K, used 392273K [0x0000000740000000, 0x0000000764d00000, 0x0000000795580000)
  object space 603136K, 65% used [0x0000000740000000,0x0000000757f145b8,0x0000000764d00000)
 Metaspace       used 369315K, capacity 382562K, committed 383784K, reserved 1386496K
  class space    used 43740K, capacity 46135K, committed 46376K, reserved 1048576K
}
Event: 17190.220 GC heap before
{Heap before GC invocations=178 (full 11):
 PSYoungGen      total 548352K, used 501010K [0x0000000795580000, 0x00000007c0000000, 0x00000007c0000000)
  eden space 409088K, 100% used [0x0000000795580000,0x00000007ae500000,0x00000007ae500000)
  from space 139264K, 66% used [0x00000007b7380000,0x00000007bcd44ba0,0x00000007bfb80000)
  to   space 144896K, 0% used [0x00000007ae500000,0x00000007ae500000,0x00000007b7280000)
 ParOldGen       total 603136K, used 392273K [0x0000000740000000, 0x0000000764d00000, 0x0000000795580000)
  object space 603136K, 65% used [0x0000000740000000,0x0000000757f145b8,0x0000000764d00000)
 Metaspace       used 374965K, capacity 388210K, committed 389288K, reserved 1392640K
  class space    used 44462K, capacity 46857K, committed 47016K, reserved 1048576K
Event: 17190.297 GC heap after
Heap after GC invocations=178 (full 11):
 PSYoungGen      total 553984K, used 67868K [0x0000000795580000, 0x00000007bfb80000, 0x00000007c0000000)
  eden space 409088K, 0% used [0x0000000795580000,0x0000000795580000,0x00000007ae500000)
  from space 144896K, 46% used [0x00000007ae500000,0x00000007b27471a8,0x00000007b7280000)
  to   space 139776K, 0% used [0x00000007b7300000,0x00000007b7300000,0x00000007bfb80000)
 ParOldGen       total 603136K, used 396278K [0x0000000740000000, 0x0000000764d00000, 0x0000000795580000)
  object space 603136K, 65% used [0x0000000740000000,0x00000007582fdb98,0x0000000764d00000)
 Metaspace       used 374965K, capacity 388210K, committed 389288K, reserved 1392640K
  class space    used 44462K, capacity 46857K, committed 47016K, reserved 1048576K
}

