# JRE version: OpenJDK Runtime Environment (8.0_242) (build 1.8.0_242-release-1644-b3-6222593)
# Java VM: OpenJDK 64-Bit Server VM (25.242-b3-6222593 mixed mode bsd-amd64 compressed oops)
Heap:
 PSYoungGen      total 562176K, used 30951K [0x0000000795580000, 0x00000007c0000000, 0x00000007c0000000)
  eden space 425472K, 0% used [0x0000000795580000,0x0000000795580000,0x00000007af500000)
  from space 136704K, 22% used [0x00000007af500000,0x00000007b1339f98,0x00000007b7a80000)
  to   space 129536K, 0% used [0x00000007b8180000,0x00000007b8180000,0x00000007c0000000)
 ParOldGen       total 347136K, used 333739K [0x0000000740000000, 0x0000000755300000, 0x0000000795580000)
  object space 347136K, 96% used [0x0000000740000000,0x00000007545ead30,0x0000000755300000)
 Metaspace       used 246951K, capacity 258126K, committed 258840K, reserved 1275904K
  class space    used 29370K, capacity 31377K, committed 31528K, reserved 1048576K
GC Heap History (10 events):
Event: 8762.672 GC heap after
Heap after GC invocations=103 (full 8):
 PSYoungGen      total 565248K, used 37837K [0x0000000795580000, 0x00000007bf680000, 0x00000007c0000000)
  eden space 441344K, 0% used [0x0000000795580000,0x0000000795580000,0x00000007b0480000)
  from space 123904K, 30% used [0x00000007b0480000,0x00000007b2973720,0x00000007b7d80000)
  to   space 115712K, 0% used [0x00000007b8580000,0x00000007b8580000,0x00000007bf680000)
 ParOldGen       total 347136K, used 252333K [0x0000000740000000, 0x0000000755300000, 0x0000000795580000)
  object space 347136K, 72% used [0x0000000740000000,0x000000074f66b4a8,0x0000000755300000)
 Metaspace       used 235117K, capacity 246274K, committed 246936K, reserved 1265664K
  class space    used 28020K, capacity 29995K, committed 30120K, reserved 1048576K
}
Event: 8831.027 GC heap before
{Heap before GC invocations=104 (full 8):
 PSYoungGen      total 565248K, used 479181K [0x0000000795580000, 0x00000007bf680000, 0x00000007c0000000)
  eden space 441344K, 100% used [0x0000000795580000,0x00000007b0480000,0x00000007b0480000)
  from space 123904K, 30% used [0x00000007b0480000,0x00000007b2973720,0x00000007b7d80000)
  to   space 115712K, 0% used [0x00000007b8580000,0x00000007b8580000,0x00000007bf680000)
 ParOldGen       total 347136K, used 252333K [0x0000000740000000, 0x0000000755300000, 0x0000000795580000)
  object space 347136K, 72% used [0x0000000740000000,0x000000074f66b4a8,0x0000000755300000)
 Metaspace       used 235138K, capacity 246274K, committed 246936K, reserved 1265664K
  class space    used 28020K, capacity 29995K, committed 30120K, reserved 1048576K
Event: 8831.079 GC heap after
Heap after GC invocations=104 (full 8):
 PSYoungGen      total 569344K, used 12576K [0x0000000795580000, 0x00000007bf100000, 0x00000007c0000000)
  eden space 459264K, 0% used [0x0000000795580000,0x0000000795580000,0x00000007b1600000)
  from space 110080K, 11% used [0x00000007b8580000,0x00000007b91c8000,0x00000007bf100000)
  to   space 112128K, 0% used [0x00000007b1600000,0x00000007b1600000,0x00000007b8380000)
 ParOldGen       total 347136K, used 253812K [0x0000000740000000, 0x0000000755300000, 0x0000000795580000)
  object space 347136K, 73% used [0x0000000740000000,0x000000074f7dd288,0x0000000755300000)
 Metaspace       used 235138K, capacity 246274K, committed 246936K, reserved 1265664K
  class space    used 28020K, capacity 29995K, committed 30120K, reserved 1048576K
}
Event: 8938.199 GC heap before
{Heap before GC invocations=105 (full 8):
 PSYoungGen      total 569344K, used 471840K [0x0000000795580000, 0x00000007bf100000, 0x00000007c0000000)
  eden space 459264K, 100% used [0x0000000795580000,0x00000007b1600000,0x00000007b1600000)
  from space 110080K, 11% used [0x00000007b8580000,0x00000007b91c8000,0x00000007bf100000)
  to   space 112128K, 0% used [0x00000007b1600000,0x00000007b1600000,0x00000007b8380000)
 ParOldGen       total 347136K, used 253812K [0x0000000740000000, 0x0000000755300000, 0x0000000795580000)
  object space 347136K, 73% used [0x0000000740000000,0x000000074f7dd288,0x0000000755300000)
 Metaspace       used 235188K, capacity 246304K, committed 246936K, reserved 1265664K
  class space    used 28025K, capacity 29999K, committed 30120K, reserved 1048576K
Event: 8938.285 GC heap after
Heap after GC invocations=105 (full 8):
 PSYoungGen      total 571392K, used 15063K [0x0000000795580000, 0x00000007bf900000, 0x00000007c0000000)
  eden space 459264K, 0% used [0x0000000795580000,0x0000000795580000,0x00000007b1600000)
  from space 112128K, 13% used [0x00000007b1600000,0x00000007b24b5cf0,0x00000007b8380000)
  to   space 107520K, 0% used [0x00000007b9000000,0x00000007b9000000,0x00000007bf900000)
 ParOldGen       total 347136K, used 254570K [0x0000000740000000, 0x0000000755300000, 0x0000000795580000)
  object space 347136K, 73% used [0x0000000740000000,0x000000074f89a888,0x0000000755300000)
 Metaspace       used 235188K, capacity 246304K, committed 246936K, reserved 1265664K
  class space    used 28025K, capacity 29999K, committed 30120K, reserved 1048576K
}
Event: 8944.400 GC heap before
{Heap before GC invocations=106 (full 8):
 PSYoungGen      total 571392K, used 474327K [0x0000000795580000, 0x00000007bf900000, 0x00000007c0000000)
  eden space 459264K, 100% used [0x0000000795580000,0x00000007b1600000,0x00000007b1600000)
  from space 112128K, 13% used [0x00000007b1600000,0x00000007b24b5cf0,0x00000007b8380000)
  to   space 107520K, 0% used [0x00000007b9000000,0x00000007b9000000,0x00000007bf900000)
 ParOldGen       total 347136K, used 254570K [0x0000000740000000, 0x0000000755300000, 0x0000000795580000)
  object space 347136K, 73% used [0x0000000740000000,0x000000074f89a888,0x0000000755300000)
 Metaspace       used 246628K, capacity 257820K, committed 258456K, reserved 1275904K
  class space    used 29344K, capacity 31336K, committed 31400K, reserved 1048576K
Event: 8944.999 GC heap after
Heap after GC invocations=106 (full 8):
 PSYoungGen      total 532992K, used 107515K [0x0000000795580000, 0x00000007c0000000, 0x00000007c0000000)
  eden space 425472K, 0% used [0x0000000795580000,0x0000000795580000,0x00000007af500000)
  from space 107520K, 99% used [0x00000007b9000000,0x00000007bf8fef20,0x00000007bf900000)
  to   space 136704K, 0% used [0x00000007af500000,0x00000007af500000,0x00000007b7a80000)
 ParOldGen       total 347136K, used 278342K [0x0000000740000000, 0x0000000755300000, 0x0000000795580000)
  object space 347136K, 80% used [0x0000000740000000,0x0000000750fd1b50,0x0000000755300000)
 Metaspace       used 246628K, capacity 257820K, committed 258456K, reserved 1275904K
  class space    used 29344K, capacity 31336K, committed 31400K, reserved 1048576K
}
Event: 8987.726 GC heap before
{Heap before GC invocations=107 (full 8):
 PSYoungGen      total 532992K, used 532987K [0x0000000795580000, 0x00000007c0000000, 0x00000007c0000000)
  eden space 425472K, 100% used [0x0000000795580000,0x00000007af500000,0x00000007af500000)
  from space 107520K, 99% used [0x00000007b9000000,0x00000007bf8fef20,0x00000007bf900000)
  to   space 136704K, 0% used [0x00000007af500000,0x00000007af500000,0x00000007b7a80000)
 ParOldGen       total 347136K, used 278342K [0x0000000740000000, 0x0000000755300000, 0x0000000795580000)
  object space 347136K, 80% used [0x0000000740000000,0x0000000750fd1b50,0x0000000755300000)
 Metaspace       used 246951K, capacity 258126K, committed 258840K, reserved 1275904K
  class space    used 29370K, capacity 31377K, committed 31528K, reserved 1048576K
Event: 8988.510 GC heap after
Heap after GC invocations=107 (full 8):
 PSYoungGen      total 562176K, used 30951K [0x0000000795580000, 0x00000007c0000000, 0x00000007c0000000)
  eden space 425472K, 0% used [0x0000000795580000,0x0000000795580000,0x00000007af500000)
  from space 136704K, 22% used [0x00000007af500000,0x00000007b1339f98,0x00000007b7a80000)
  to   space 129536K, 0% used [0x00000007b8180000,0x00000007b8180000,0x00000007c0000000)
 ParOldGen       total 347136K, used 333739K [0x0000000740000000, 0x0000000755300000, 0x0000000795580000)
  object space 347136K, 96% used [0x0000000740000000,0x00000007545ead30,0x0000000755300000)
 Metaspace       used 246951K, capacity 258126K, committed 258840K, reserved 1275904K
  class space    used 29370K, capacity 31377K, committed 31528K, reserved 1048576K
}
Event: 8988.511 GC heap before
{Heap before GC invocations=108 (full 9):
 PSYoungGen      total 562176K, used 30951K [0x0000000795580000, 0x00000007c0000000, 0x00000007c0000000)
  eden space 425472K, 0% used [0x0000000795580000,0x0000000795580000,0x00000007af500000)
  from space 136704K, 22% used [0x00000007af500000,0x00000007b1339f98,0x00000007b7a80000)
  to   space 129536K, 0% used [0x00000007b8180000,0x00000007b8180000,0x00000007c0000000)
 ParOldGen       total 347136K, used 333739K [0x0000000740000000, 0x0000000755300000, 0x0000000795580000)
  object space 347136K, 96% used [0x0000000740000000,0x00000007545ead30,0x0000000755300000)
 Metaspace       used 246951K, capacity 258126K, committed 258840K, reserved 1275904K
  class space    used 29370K, capacity 31377K, committed 31528K, reserved 1048576K

