# JRE version: OpenJDK Runtime Environment (8.0_242) (build 1.8.0_242-release-1644-b3-6222593)
# Java VM: OpenJDK 64-Bit Server VM (25.242-b3-6222593 mixed mode bsd-amd64 compressed oops)
Heap:
 PSYoungGen      total 520704K, used 243936K [0x0000000795580000, 0x00000007b8380000, 0x00000007c0000000)
  eden space 478208K, 47% used [0x0000000795580000,0x00000007a3525438,0x00000007b2880000)
  from space 42496K, 35% used [0x00000007b5a00000,0x00000007b6892ed0,0x00000007b8380000)
  to   space 46592K, 0% used [0x00000007b2880000,0x00000007b2880000,0x00000007b5600000)
 ParOldGen       total 453120K, used 169964K [0x0000000740000000, 0x000000075ba80000, 0x0000000795580000)
  object space 453120K, 37% used [0x0000000740000000,0x000000074a5fb3d0,0x000000075ba80000)
 Metaspace       used 629201K, capacity 642624K, committed 645376K, reserved 1617920K
  class space    used 73623K, capacity 76007K, committed 76544K, reserved 1048576K
GC Heap History (10 events):
Event: 43421.356 GC heap before
{Heap before GC invocations=254 (full 18):
 PSYoungGen      total 512000K, used 8056K [0x0000000795580000, 0x00000007b7d00000, 0x00000007c0000000)
  eden space 460288K, 0% used [0x0000000795580000,0x0000000795580000,0x00000007b1700000)
  from space 51712K, 15% used [0x00000007b4a80000,0x00000007b525e380,0x00000007b7d00000)
  to   space 52224K, 0% used [0x00000007b1700000,0x00000007b1700000,0x00000007b4a00000)
 ParOldGen       total 453120K, used 182216K [0x0000000740000000, 0x000000075ba80000, 0x0000000795580000)
  object space 453120K, 40% used [0x0000000740000000,0x000000074b1f22e0,0x000000075ba80000)
 Metaspace       used 629139K, capacity 642678K, committed 645376K, reserved 1617920K
  class space    used 73634K, capacity 76028K, committed 76544K, reserved 1048576K
Event: 43429.701 GC heap after
Heap after GC invocations=254 (full 18):
 PSYoungGen      total 512000K, used 0K [0x0000000795580000, 0x00000007b7d00000, 0x00000007c0000000)
  eden space 460288K, 0% used [0x0000000795580000,0x0000000795580000,0x00000007b1700000)
  from space 51712K, 0% used [0x00000007b4a80000,0x00000007b4a80000,0x00000007b7d00000)
  to   space 52224K, 0% used [0x00000007b1700000,0x00000007b1700000,0x00000007b4a00000)
 ParOldGen       total 453120K, used 169964K [0x0000000740000000, 0x000000075ba80000, 0x0000000795580000)
  object space 453120K, 37% used [0x0000000740000000,0x000000074a5fb3d0,0x000000075ba80000)
 Metaspace       used 629057K, capacity 642546K, committed 645376K, reserved 1617920K
  class space    used 73622K, capacity 76006K, committed 76544K, reserved 1048576K
}
Event: 43614.841 GC heap before
{Heap before GC invocations=255 (full 18):
 PSYoungGen      total 512000K, used 460288K [0x0000000795580000, 0x00000007b7d00000, 0x00000007c0000000)
  eden space 460288K, 100% used [0x0000000795580000,0x00000007b1700000,0x00000007b1700000)
  from space 51712K, 0% used [0x00000007b4a80000,0x00000007b4a80000,0x00000007b7d00000)
  to   space 52224K, 0% used [0x00000007b1700000,0x00000007b1700000,0x00000007b4a00000)
 ParOldGen       total 453120K, used 169964K [0x0000000740000000, 0x000000075ba80000, 0x0000000795580000)
  object space 453120K, 37% used [0x0000000740000000,0x000000074a5fb3d0,0x000000075ba80000)
 Metaspace       used 629085K, capacity 642546K, committed 645376K, reserved 1617920K
  class space    used 73622K, capacity 76006K, committed 76544K, reserved 1048576K
Event: 43615.162 GC heap after
Heap after GC invocations=255 (full 18):
 PSYoungGen      total 512512K, used 13813K [0x0000000795580000, 0x00000007b8500000, 0x00000007c0000000)
  eden space 460288K, 0% used [0x0000000795580000,0x0000000795580000,0x00000007b1700000)
  from space 52224K, 26% used [0x00000007b1700000,0x00000007b247d720,0x00000007b4a00000)
  to   space 50688K, 0% used [0x00000007b5380000,0x00000007b5380000,0x00000007b8500000)
 ParOldGen       total 453120K, used 169964K [0x0000000740000000, 0x000000075ba80000, 0x0000000795580000)
  object space 453120K, 37% used [0x0000000740000000,0x000000074a5fb3d0,0x000000075ba80000)
 Metaspace       used 629085K, capacity 642546K, committed 645376K, reserved 1617920K
  class space    used 73622K, capacity 76006K, committed 76544K, reserved 1048576K
}
Event: 44057.478 GC heap before
{Heap before GC invocations=256 (full 18):
 PSYoungGen      total 512512K, used 474101K [0x0000000795580000, 0x00000007b8500000, 0x00000007c0000000)
  eden space 460288K, 100% used [0x0000000795580000,0x00000007b1700000,0x00000007b1700000)
  from space 52224K, 26% used [0x00000007b1700000,0x00000007b247d720,0x00000007b4a00000)
  to   space 50688K, 0% used [0x00000007b5380000,0x00000007b5380000,0x00000007b8500000)
 ParOldGen       total 453120K, used 169964K [0x0000000740000000, 0x000000075ba80000, 0x0000000795580000)
  object space 453120K, 37% used [0x0000000740000000,0x000000074a5fb3d0,0x000000075ba80000)
 Metaspace       used 629099K, capacity 642556K, committed 645376K, reserved 1617920K
  class space    used 73623K, capacity 76007K, committed 76544K, reserved 1048576K
Event: 44057.921 GC heap after
Heap after GC invocations=256 (full 18):
 PSYoungGen      total 516096K, used 8773K [0x0000000795580000, 0x00000007b8100000, 0x00000007c0000000)
  eden space 469504K, 0% used [0x0000000795580000,0x0000000795580000,0x00000007b2000000)
  from space 46592K, 18% used [0x00000007b5380000,0x00000007b5c117a0,0x00000007b8100000)
  to   space 49664K, 0% used [0x00000007b2000000,0x00000007b2000000,0x00000007b5080000)
 ParOldGen       total 453120K, used 169964K [0x0000000740000000, 0x000000075ba80000, 0x0000000795580000)
  object space 453120K, 37% used [0x0000000740000000,0x000000074a5fb3d0,0x000000075ba80000)
 Metaspace       used 629099K, capacity 642556K, committed 645376K, reserved 1617920K
  class space    used 73623K, capacity 76007K, committed 76544K, reserved 1048576K
}
Event: 44122.027 GC heap before
{Heap before GC invocations=257 (full 18):
 PSYoungGen      total 516096K, used 478252K [0x0000000795580000, 0x00000007b8100000, 0x00000007c0000000)
  eden space 469504K, 99% used [0x0000000795580000,0x00000007b1ff99c0,0x00000007b2000000)
  from space 46592K, 18% used [0x00000007b5380000,0x00000007b5c117a0,0x00000007b8100000)
  to   space 49664K, 0% used [0x00000007b2000000,0x00000007b2000000,0x00000007b5080000)
 ParOldGen       total 453120K, used 169964K [0x0000000740000000, 0x000000075ba80000, 0x0000000795580000)
  object space 453120K, 37% used [0x0000000740000000,0x000000074a5fb3d0,0x000000075ba80000)
 Metaspace       used 629115K, capacity 642556K, committed 645376K, reserved 1617920K
  class space    used 73623K, capacity 76007K, committed 76544K, reserved 1048576K
Event: 44122.416 GC heap after
Heap after GC invocations=257 (full 18):
 PSYoungGen      total 519168K, used 24736K [0x0000000795580000, 0x00000007b8980000, 0x00000007c0000000)
  eden space 469504K, 0% used [0x0000000795580000,0x0000000795580000,0x00000007b2000000)
  from space 49664K, 49% used [0x00000007b2000000,0x00000007b38283d0,0x00000007b5080000)
  to   space 48640K, 0% used [0x00000007b5a00000,0x00000007b5a00000,0x00000007b8980000)
 ParOldGen       total 453120K, used 169964K [0x0000000740000000, 0x000000075ba80000, 0x0000000795580000)
  object space 453120K, 37% used [0x0000000740000000,0x000000074a5fb3d0,0x000000075ba80000)
 Metaspace       used 629115K, capacity 642556K, committed 645376K, reserved 1617920K
  class space    used 73623K, capacity 76007K, committed 76544K, reserved 1048576K
}
Event: 44436.677 GC heap before
{Heap before GC invocations=258 (full 18):
 PSYoungGen      total 519168K, used 494240K [0x0000000795580000, 0x00000007b8980000, 0x00000007c0000000)
  eden space 469504K, 100% used [0x0000000795580000,0x00000007b2000000,0x00000007b2000000)
  from space 49664K, 49% used [0x00000007b2000000,0x00000007b38283d0,0x00000007b5080000)
  to   space 48640K, 0% used [0x00000007b5a00000,0x00000007b5a00000,0x00000007b8980000)
 ParOldGen       total 453120K, used 169964K [0x0000000740000000, 0x000000075ba80000, 0x0000000795580000)
  object space 453120K, 37% used [0x0000000740000000,0x000000074a5fb3d0,0x000000075ba80000)
 Metaspace       used 629181K, capacity 642620K, committed 645376K, reserved 1617920K
  class space    used 73623K, capacity 76007K, committed 76544K, reserved 1048576K
Event: 44436.974 GC heap after
Heap after GC invocations=258 (full 18):
 PSYoungGen      total 520704K, used 14923K [0x0000000795580000, 0x00000007b8380000, 0x00000007c0000000)
  eden space 478208K, 0% used [0x0000000795580000,0x0000000795580000,0x00000007b2880000)
  from space 42496K, 35% used [0x00000007b5a00000,0x00000007b6892ed0,0x00000007b8380000)
  to   space 46592K, 0% used [0x00000007b2880000,0x00000007b2880000,0x00000007b5600000)
 ParOldGen       total 453120K, used 169964K [0x0000000740000000, 0x000000075ba80000, 0x0000000795580000)
  object space 453120K, 37% used [0x0000000740000000,0x000000074a5fb3d0,0x000000075ba80000)
 Metaspace       used 629181K, capacity 642620K, committed 645376K, reserved 1617920K
  class space    used 73623K, capacity 76007K, committed 76544K, reserved 1048576K
}

