# JRE version: OpenJDK Runtime Environment (8.0_242) (build 1.8.0_242-release-1644-b3-6222593)
# Java VM: OpenJDK 64-Bit Server VM (25.242-b3-6222593 mixed mode bsd-amd64 compressed oops)
Heap:
 PSYoungGen      total 519680K, used 203503K [0x0000000795580000, 0x00000007c0000000, 0x00000007c0000000)
  eden space 407040K, 22% used [0x0000000795580000,0x000000079ae3df40,0x00000007ae300000)
  from space 112640K, 99% used [0x00000007b8400000,0x00000007bf1fdec8,0x00000007bf200000)
  to   space 145920K, 0% used [0x00000007ae300000,0x00000007ae300000,0x00000007b7180000)
 ParOldGen       total 416768K, used 297134K [0x0000000740000000, 0x0000000759700000, 0x0000000795580000)
  object space 416768K, 71% used [0x0000000740000000,0x000000075222baf0,0x0000000759700000)
 Metaspace       used 303364K, capacity 315290K, committed 315816K, reserved 1327104K
  class space    used 36060K, capacity 38197K, committed 38312K, reserved 1048576K
GC Heap History (10 events):
Event: 6860.888 GC heap before
{Heap before GC invocations=91 (full 7):
 PSYoungGen      total 543232K, used 424339K [0x0000000795580000, 0x00000007bf380000, 0x00000007c0000000)
  eden space 404992K, 100% used [0x0000000795580000,0x00000007ae100000,0x00000007ae100000)
  from space 138240K, 13% used [0x00000007ae100000,0x00000007af3e4ed8,0x00000007b6800000)
  to   space 133120K, 0% used [0x00000007b7180000,0x00000007b7180000,0x00000007bf380000)
 ParOldGen       total 416768K, used 260590K [0x0000000740000000, 0x0000000759700000, 0x0000000795580000)
  object space 416768K, 62% used [0x0000000740000000,0x000000074fe7ba98,0x0000000759700000)
 Metaspace       used 291723K, capacity 303486K, committed 304296K, reserved 1316864K
  class space    used 34738K, capacity 36857K, committed 37032K, reserved 1048576K
Event: 6860.994 GC heap after
Heap after GC invocations=91 (full 7):
 PSYoungGen      total 555520K, used 18311K [0x0000000795580000, 0x00000007bf100000, 0x00000007c0000000)
  eden space 424960K, 0% used [0x0000000795580000,0x0000000795580000,0x00000007af480000)
  from space 130560K, 14% used [0x00000007b7180000,0x00000007b8361ee0,0x00000007bf100000)
  to   space 128000K, 0% used [0x00000007af480000,0x00000007af480000,0x00000007b7180000)
 ParOldGen       total 416768K, used 260846K [0x0000000740000000, 0x0000000759700000, 0x0000000795580000)
  object space 416768K, 62% used [0x0000000740000000,0x000000074febbab8,0x0000000759700000)
 Metaspace       used 291723K, capacity 303486K, committed 304296K, reserved 1316864K
  class space    used 34738K, capacity 36857K, committed 37032K, reserved 1048576K
}
Event: 6889.321 GC heap before
{Heap before GC invocations=92 (full 7):
 PSYoungGen      total 555520K, used 443271K [0x0000000795580000, 0x00000007bf100000, 0x00000007c0000000)
  eden space 424960K, 100% used [0x0000000795580000,0x00000007af480000,0x00000007af480000)
  from space 130560K, 14% used [0x00000007b7180000,0x00000007b8361ee0,0x00000007bf100000)
  to   space 128000K, 0% used [0x00000007af480000,0x00000007af480000,0x00000007b7180000)
 ParOldGen       total 416768K, used 260846K [0x0000000740000000, 0x0000000759700000, 0x0000000795580000)
  object space 416768K, 62% used [0x0000000740000000,0x000000074febbab8,0x0000000759700000)
 Metaspace       used 291780K, capacity 303550K, committed 304296K, reserved 1316864K
  class space    used 34738K, capacity 36857K, committed 37032K, reserved 1048576K
Event: 6889.384 GC heap after
Heap after GC invocations=92 (full 7):
 PSYoungGen      total 552960K, used 11536K [0x0000000795580000, 0x00000007bf680000, 0x00000007c0000000)
  eden space 424960K, 0% used [0x0000000795580000,0x0000000795580000,0x00000007af480000)
  from space 128000K, 9% used [0x00000007af480000,0x00000007affc4118,0x00000007b7180000)
  to   space 124416K, 0% used [0x00000007b7d00000,0x00000007b7d00000,0x00000007bf680000)
 ParOldGen       total 416768K, used 261864K [0x0000000740000000, 0x0000000759700000, 0x0000000795580000)
  object space 416768K, 62% used [0x0000000740000000,0x000000074ffba3e8,0x0000000759700000)
 Metaspace       used 291780K, capacity 303550K, committed 304296K, reserved 1316864K
  class space    used 34738K, capacity 36857K, committed 37032K, reserved 1048576K
}
Event: 6909.501 GC heap before
{Heap before GC invocations=93 (full 7):
 PSYoungGen      total 552960K, used 436496K [0x0000000795580000, 0x00000007bf680000, 0x00000007c0000000)
  eden space 424960K, 100% used [0x0000000795580000,0x00000007af480000,0x00000007af480000)
  from space 128000K, 9% used [0x00000007af480000,0x00000007affc4118,0x00000007b7180000)
  to   space 124416K, 0% used [0x00000007b7d00000,0x00000007b7d00000,0x00000007bf680000)
 ParOldGen       total 416768K, used 261864K [0x0000000740000000, 0x0000000759700000, 0x0000000795580000)
  object space 416768K, 62% used [0x0000000740000000,0x000000074ffba3e8,0x0000000759700000)
 Metaspace       used 291843K, capacity 303554K, committed 304296K, reserved 1316864K
  class space    used 34738K, capacity 36857K, committed 37032K, reserved 1048576K
Event: 6909.590 GC heap after
Heap after GC invocations=93 (full 7):
 PSYoungGen      total 565760K, used 14783K [0x0000000795580000, 0x00000007bf280000, 0x00000007c0000000)
  eden space 445440K, 0% used [0x0000000795580000,0x0000000795580000,0x00000007b0880000)
  from space 120320K, 12% used [0x00000007b7d00000,0x00000007b8b6ff50,0x00000007bf280000)
  to   space 119296K, 0% used [0x00000007b0880000,0x00000007b0880000,0x00000007b7d00000)
 ParOldGen       total 416768K, used 263066K [0x0000000740000000, 0x0000000759700000, 0x0000000795580000)
  object space 416768K, 63% used [0x0000000740000000,0x00000007500e6b78,0x0000000759700000)
 Metaspace       used 291843K, capacity 303554K, committed 304296K, reserved 1316864K
  class space    used 34738K, capacity 36857K, committed 37032K, reserved 1048576K
}
Event: 7005.794 GC heap before
{Heap before GC invocations=94 (full 7):
 PSYoungGen      total 565760K, used 460223K [0x0000000795580000, 0x00000007bf280000, 0x00000007c0000000)
  eden space 445440K, 100% used [0x0000000795580000,0x00000007b0880000,0x00000007b0880000)
  from space 120320K, 12% used [0x00000007b7d00000,0x00000007b8b6ff50,0x00000007bf280000)
  to   space 119296K, 0% used [0x00000007b0880000,0x00000007b0880000,0x00000007b7d00000)
 ParOldGen       total 416768K, used 263066K [0x0000000740000000, 0x0000000759700000, 0x0000000795580000)
  object space 416768K, 63% used [0x0000000740000000,0x00000007500e6b78,0x0000000759700000)
 Metaspace       used 292127K, capacity 303998K, committed 304552K, reserved 1316864K
  class space    used 34762K, capacity 36897K, committed 37032K, reserved 1048576K
Event: 7005.882 GC heap after
Heap after GC invocations=94 (full 7):
 PSYoungGen      total 564736K, used 25042K [0x0000000795580000, 0x00000007bf200000, 0x00000007c0000000)
  eden space 445440K, 0% used [0x0000000795580000,0x0000000795580000,0x00000007b0880000)
  from space 119296K, 20% used [0x00000007b0880000,0x00000007b20f4910,0x00000007b7d00000)
  to   space 112640K, 0% used [0x00000007b8400000,0x00000007b8400000,0x00000007bf200000)
 ParOldGen       total 416768K, used 265028K [0x0000000740000000, 0x0000000759700000, 0x0000000795580000)
  object space 416768K, 63% used [0x0000000740000000,0x00000007502d11a8,0x0000000759700000)
 Metaspace       used 292127K, capacity 303998K, committed 304552K, reserved 1316864K
  class space    used 34762K, capacity 36897K, committed 37032K, reserved 1048576K
}
Event: 7013.086 GC heap before
{Heap before GC invocations=95 (full 7):
 PSYoungGen      total 564736K, used 470482K [0x0000000795580000, 0x00000007bf200000, 0x00000007c0000000)
  eden space 445440K, 100% used [0x0000000795580000,0x00000007b0880000,0x00000007b0880000)
  from space 119296K, 20% used [0x00000007b0880000,0x00000007b20f4910,0x00000007b7d00000)
  to   space 112640K, 0% used [0x00000007b8400000,0x00000007b8400000,0x00000007bf200000)
 ParOldGen       total 416768K, used 265028K [0x0000000740000000, 0x0000000759700000, 0x0000000795580000)
  object space 416768K, 63% used [0x0000000740000000,0x00000007502d11a8,0x0000000759700000)
 Metaspace       used 303341K, capacity 315226K, committed 315816K, reserved 1327104K
  class space    used 36059K, capacity 38197K, committed 38312K, reserved 1048576K
Event: 7013.818 GC heap after
Heap after GC invocations=95 (full 7):
 PSYoungGen      total 519680K, used 112631K [0x0000000795580000, 0x00000007c0000000, 0x00000007c0000000)
  eden space 407040K, 0% used [0x0000000795580000,0x0000000795580000,0x00000007ae300000)
  from space 112640K, 99% used [0x00000007b8400000,0x00000007bf1fdec8,0x00000007bf200000)
  to   space 145920K, 0% used [0x00000007ae300000,0x00000007ae300000,0x00000007b7180000)
 ParOldGen       total 416768K, used 297134K [0x0000000740000000, 0x0000000759700000, 0x0000000795580000)
  object space 416768K, 71% used [0x0000000740000000,0x000000075222baf0,0x0000000759700000)
 Metaspace       used 303341K, capacity 315226K, committed 315816K, reserved 1327104K
  class space    used 36059K, capacity 38197K, committed 38312K, reserved 1048576K
}

