# JRE version: OpenJDK Runtime Environment (8.0_242) (build 1.8.0_242-release-1644-b3-6222593)
# Java VM: OpenJDK 64-Bit Server VM (25.242-b3-6222593 mixed mode bsd-amd64 compressed oops)
Heap:
 PSYoungGen      total 621056K, used 373443K [0x0000000795580000, 0x00000007bf700000, 0x00000007c0000000)
  eden space 554496K, 65% used [0x0000000795580000,0x00000007ab6abff8,0x00000007b7300000)
  from space 66560K, 17% used [0x00000007bb600000,0x00000007bc184ef0,0x00000007bf700000)
  to   space 67584K, 0% used [0x00000007b7300000,0x00000007b7300000,0x00000007bb500000)
 ParOldGen       total 556032K, used 376050K [0x0000000740000000, 0x0000000761f00000, 0x0000000795580000)
  object space 556032K, 67% used [0x0000000740000000,0x0000000756f3cb48,0x0000000761f00000)
 Metaspace       used 890592K, capacity 906094K, committed 906920K, reserved 1849344K
  class space    used 104055K, capacity 106834K, committed 106920K, reserved 1048576K
GC Heap History (10 events):
Event: 65724.180 GC heap before
{Heap before GC invocations=379 (full 23):
 PSYoungGen      total 603136K, used 540694K [0x0000000795580000, 0x00000007bfa00000, 0x00000007c0000000)
  eden space 517120K, 100% used [0x0000000795580000,0x00000007b4e80000,0x00000007b4e80000)
  from space 86016K, 27% used [0x00000007b4e80000,0x00000007b6585b20,0x00000007ba280000)
  to   space 80896K, 0% used [0x00000007bab00000,0x00000007bab00000,0x00000007bfa00000)
 ParOldGen       total 556032K, used 372414K [0x0000000740000000, 0x0000000761f00000, 0x0000000795580000)
  object space 556032K, 66% used [0x0000000740000000,0x0000000756bafa28,0x0000000761f00000)
 Metaspace       used 890405K, capacity 905844K, committed 906920K, reserved 1849344K
  class space    used 104030K, capacity 106783K, committed 106920K, reserved 1048576K
Event: 65724.728 GC heap after
Heap after GC invocations=379 (full 23):
 PSYoungGen      total 610816K, used 7091K [0x0000000795580000, 0x00000007bf800000, 0x00000007c0000000)
  eden space 531968K, 0% used [0x0000000795580000,0x0000000795580000,0x00000007b5d00000)
  from space 78848K, 8% used [0x00000007bab00000,0x00000007bb1ecf10,0x00000007bf800000)
  to   space 79360K, 0% used [0x00000007b5d00000,0x00000007b5d00000,0x00000007baa80000)
 ParOldGen       total 556032K, used 374044K [0x0000000740000000, 0x0000000761f00000, 0x0000000795580000)
  object space 556032K, 67% used [0x0000000740000000,0x0000000756d47098,0x0000000761f00000)
 Metaspace       used 890405K, capacity 905844K, committed 906920K, reserved 1849344K
  class space    used 104030K, capacity 106783K, committed 106920K, reserved 1048576K
}
Event: 65900.878 GC heap before
{Heap before GC invocations=380 (full 23):
 PSYoungGen      total 610816K, used 539059K [0x0000000795580000, 0x00000007bf800000, 0x00000007c0000000)
  eden space 531968K, 100% used [0x0000000795580000,0x00000007b5d00000,0x00000007b5d00000)
  from space 78848K, 8% used [0x00000007bab00000,0x00000007bb1ecf10,0x00000007bf800000)
  to   space 79360K, 0% used [0x00000007b5d00000,0x00000007b5d00000,0x00000007baa80000)
 ParOldGen       total 556032K, used 374044K [0x0000000740000000, 0x0000000761f00000, 0x0000000795580000)
  object space 556032K, 67% used [0x0000000740000000,0x0000000756d47098,0x0000000761f00000)
 Metaspace       used 890411K, capacity 905844K, committed 906920K, reserved 1849344K
  class space    used 104030K, capacity 106783K, committed 106920K, reserved 1048576K
Event: 65901.570 GC heap after
Heap after GC invocations=380 (full 23):
 PSYoungGen      total 611328K, used 9507K [0x0000000795580000, 0x00000007bfb80000, 0x00000007c0000000)
  eden space 531968K, 0% used [0x0000000795580000,0x0000000795580000,0x00000007b5d00000)
  from space 79360K, 11% used [0x00000007b5d00000,0x00000007b6648f38,0x00000007baa80000)
  to   space 76800K, 0% used [0x00000007bb080000,0x00000007bb080000,0x00000007bfb80000)
 ParOldGen       total 556032K, used 374377K [0x0000000740000000, 0x0000000761f00000, 0x0000000795580000)
  object space 556032K, 67% used [0x0000000740000000,0x0000000756d9a7f8,0x0000000761f00000)
 Metaspace       used 890411K, capacity 905844K, committed 906920K, reserved 1849344K
  class space    used 104030K, capacity 106783K, committed 106920K, reserved 1048576K
}
Event: 66012.533 GC heap before
{Heap before GC invocations=381 (full 23):
 PSYoungGen      total 611328K, used 541475K [0x0000000795580000, 0x00000007bfb80000, 0x00000007c0000000)
  eden space 531968K, 100% used [0x0000000795580000,0x00000007b5d00000,0x00000007b5d00000)
  from space 79360K, 11% used [0x00000007b5d00000,0x00000007b6648f38,0x00000007baa80000)
  to   space 76800K, 0% used [0x00000007bb080000,0x00000007bb080000,0x00000007bfb80000)
 ParOldGen       total 556032K, used 374377K [0x0000000740000000, 0x0000000761f00000, 0x0000000795580000)
  object space 556032K, 67% used [0x0000000740000000,0x0000000756d9a7f8,0x0000000761f00000)
 Metaspace       used 890412K, capacity 905844K, committed 906920K, reserved 1849344K
  class space    used 104030K, capacity 106783K, committed 106920K, reserved 1048576K
Event: 66013.044 GC heap after
Heap after GC invocations=381 (full 23):
 PSYoungGen      total 615424K, used 11379K [0x0000000795580000, 0x00000007bf780000, 0x00000007c0000000)
  eden space 542720K, 0% used [0x0000000795580000,0x0000000795580000,0x00000007b6780000)
  from space 72704K, 15% used [0x00000007bb080000,0x00000007bbb9ce90,0x00000007bf780000)
  to   space 73728K, 0% used [0x00000007b6780000,0x00000007b6780000,0x00000007baf80000)
 ParOldGen       total 556032K, used 374911K [0x0000000740000000, 0x0000000761f00000, 0x0000000795580000)
  object space 556032K, 67% used [0x0000000740000000,0x0000000756e1ff58,0x0000000761f00000)
 Metaspace       used 890412K, capacity 905844K, committed 906920K, reserved 1849344K
  class space    used 104030K, capacity 106783K, committed 106920K, reserved 1048576K
}
Event: 66135.665 GC heap before
{Heap before GC invocations=382 (full 23):
 PSYoungGen      total 615424K, used 554099K [0x0000000795580000, 0x00000007bf780000, 0x00000007c0000000)
  eden space 542720K, 100% used [0x0000000795580000,0x00000007b6780000,0x00000007b6780000)
  from space 72704K, 15% used [0x00000007bb080000,0x00000007bbb9ce90,0x00000007bf780000)
  to   space 73728K, 0% used [0x00000007b6780000,0x00000007b6780000,0x00000007baf80000)
 ParOldGen       total 556032K, used 374911K [0x0000000740000000, 0x0000000761f00000, 0x0000000795580000)
  object space 556032K, 67% used [0x0000000740000000,0x0000000756e1ff58,0x0000000761f00000)
 Metaspace       used 890416K, capacity 905850K, committed 906920K, reserved 1849344K
  class space    used 104031K, capacity 106784K, committed 106920K, reserved 1048576K
Event: 66136.216 GC heap after
Heap after GC invocations=382 (full 23):
 PSYoungGen      total 616448K, used 11651K [0x0000000795580000, 0x00000007bfb00000, 0x00000007c0000000)
  eden space 542720K, 0% used [0x0000000795580000,0x0000000795580000,0x00000007b6780000)
  from space 73728K, 15% used [0x00000007b6780000,0x00000007b72e0e80,0x00000007baf80000)
  to   space 70656K, 0% used [0x00000007bb600000,0x00000007bb600000,0x00000007bfb00000)
 ParOldGen       total 556032K, used 375517K [0x0000000740000000, 0x0000000761f00000, 0x0000000795580000)
  object space 556032K, 67% used [0x0000000740000000,0x0000000756eb7548,0x0000000761f00000)
 Metaspace       used 890416K, capacity 905850K, committed 906920K, reserved 1849344K
  class space    used 104031K, capacity 106784K, committed 106920K, reserved 1048576K
}
Event: 66228.948 GC heap before
{Heap before GC invocations=383 (full 23):
 PSYoungGen      total 616448K, used 554371K [0x0000000795580000, 0x00000007bfb00000, 0x00000007c0000000)
  eden space 542720K, 100% used [0x0000000795580000,0x00000007b6780000,0x00000007b6780000)
  from space 73728K, 15% used [0x00000007b6780000,0x00000007b72e0e80,0x00000007baf80000)
  to   space 70656K, 0% used [0x00000007bb600000,0x00000007bb600000,0x00000007bfb00000)
 ParOldGen       total 556032K, used 375517K [0x0000000740000000, 0x0000000761f00000, 0x0000000795580000)
  object space 556032K, 67% used [0x0000000740000000,0x0000000756eb7548,0x0000000761f00000)
 Metaspace       used 890419K, capacity 905850K, committed 906920K, reserved 1849344K
  class space    used 104031K, capacity 106784K, committed 106920K, reserved 1048576K
Event: 66229.508 GC heap after
Heap after GC invocations=383 (full 23):
 PSYoungGen      total 621056K, used 11795K [0x0000000795580000, 0x00000007bf700000, 0x00000007c0000000)
  eden space 554496K, 0% used [0x0000000795580000,0x0000000795580000,0x00000007b7300000)
  from space 66560K, 17% used [0x00000007bb600000,0x00000007bc184ef0,0x00000007bf700000)
  to   space 67584K, 0% used [0x00000007b7300000,0x00000007b7300000,0x00000007bb500000)
 ParOldGen       total 556032K, used 376050K [0x0000000740000000, 0x0000000761f00000, 0x0000000795580000)
  object space 556032K, 67% used [0x0000000740000000,0x0000000756f3cb48,0x0000000761f00000)
 Metaspace       used 890419K, capacity 905850K, committed 906920K, reserved 1849344K
  class space    used 104031K, capacity 106784K, committed 106920K, reserved 1048576K
}

