# JRE version: OpenJDK Runtime Environment (8.0_242) (build 1.8.0_242-release-1644-b3-6222593)
# Java VM: OpenJDK 64-Bit Server VM (25.242-b3-6222593 mixed mode bsd-amd64 compressed oops)
Heap:
 PSYoungGen      total 598528K, used 373134K [0x0000000795580000, 0x00000007bfa80000, 0x00000007c0000000)
  eden space 507904K, 68% used [0x0000000795580000,0x00000007aa74b590,0x00000007b4580000)
  from space 90624K, 30% used [0x00000007b9d00000,0x00000007bb7984b0,0x00000007bf580000)
  to   space 89600K, 0% used [0x00000007b4580000,0x00000007b4580000,0x00000007b9d00000)
 ParOldGen       total 454656K, used 250712K [0x0000000740000000, 0x000000075bc00000, 0x0000000795580000)
  object space 454656K, 55% used [0x0000000740000000,0x000000074f4d6318,0x000000075bc00000)
 Metaspace       used 628020K, capacity 641348K, committed 642008K, reserved 1615872K
  class space    used 73602K, capacity 75713K, committed 75776K, reserved 1048576K
GC Heap History (10 events):
Event: 38755.861 GC heap before
{Heap before GC invocations=274 (full 16):
 PSYoungGen      total 564736K, used 564494K [0x0000000795580000, 0x00000007c0000000, 0x00000007c0000000)
  eden space 501248K, 100% used [0x0000000795580000,0x00000007b3f00000,0x00000007b3f00000)
  from space 63488K, 99% used [0x00000007b3f00000,0x00000007b7cc3938,0x00000007b7d00000)
  to   space 100864K, 0% used [0x00000007b9d80000,0x00000007b9d80000,0x00000007c0000000)
 ParOldGen       total 454656K, used 216623K [0x0000000740000000, 0x000000075bc00000, 0x0000000795580000)
  object space 454656K, 47% used [0x0000000740000000,0x000000074d38bda0,0x000000075bc00000)
 Metaspace       used 624279K, capacity 637466K, committed 638168K, reserved 1611776K
  class space    used 73132K, capacity 75238K, committed 75264K, reserved 1048576K
Event: 38757.166 GC heap after
Heap after GC invocations=274 (full 16):
 PSYoungGen      total 592896K, used 66533K [0x0000000795580000, 0x00000007c0000000, 0x00000007c0000000)
  eden space 492032K, 0% used [0x0000000795580000,0x0000000795580000,0x00000007b3600000)
  from space 100864K, 65% used [0x00000007b9d80000,0x00000007bde79480,0x00000007c0000000)
  to   space 103424K, 0% used [0x00000007b3600000,0x00000007b3600000,0x00000007b9b00000)
 ParOldGen       total 454656K, used 217087K [0x0000000740000000, 0x000000075bc00000, 0x0000000795580000)
  object space 454656K, 47% used [0x0000000740000000,0x000000074d3ffda0,0x000000075bc00000)
 Metaspace       used 624279K, capacity 637466K, committed 638168K, reserved 1611776K
  class space    used 73132K, capacity 75238K, committed 75264K, reserved 1048576K
}
Event: 38822.176 GC heap before
{Heap before GC invocations=275 (full 16):
 PSYoungGen      total 592896K, used 558565K [0x0000000795580000, 0x00000007c0000000, 0x00000007c0000000)
  eden space 492032K, 100% used [0x0000000795580000,0x00000007b3600000,0x00000007b3600000)
  from space 100864K, 65% used [0x00000007b9d80000,0x00000007bde79480,0x00000007c0000000)
  to   space 103424K, 0% used [0x00000007b3600000,0x00000007b3600000,0x00000007b9b00000)
 ParOldGen       total 454656K, used 217087K [0x0000000740000000, 0x000000075bc00000, 0x0000000795580000)
  object space 454656K, 47% used [0x0000000740000000,0x000000074d3ffda0,0x000000075bc00000)
 Metaspace       used 624291K, capacity 637490K, committed 638168K, reserved 1611776K
  class space    used 73135K, capacity 75242K, committed 75264K, reserved 1048576K
Event: 38823.003 GC heap after
Heap after GC invocations=275 (full 16):
 PSYoungGen      total 538624K, used 46420K [0x0000000795580000, 0x00000007bf780000, 0x00000007c0000000)
  eden space 492032K, 0% used [0x0000000795580000,0x0000000795580000,0x00000007b3600000)
  from space 46592K, 99% used [0x00000007b3600000,0x00000007b6355278,0x00000007b6380000)
  to   space 97792K, 0% used [0x00000007b9800000,0x00000007b9800000,0x00000007bf780000)
 ParOldGen       total 454656K, used 219786K [0x0000000740000000, 0x000000075bc00000, 0x0000000795580000)
  object space 454656K, 48% used [0x0000000740000000,0x000000074d6a2970,0x000000075bc00000)
 Metaspace       used 624291K, capacity 637490K, committed 638168K, reserved 1611776K
  class space    used 73135K, capacity 75242K, committed 75264K, reserved 1048576K
}
Event: 39086.638 GC heap before
{Heap before GC invocations=276 (full 16):
 PSYoungGen      total 538624K, used 538452K [0x0000000795580000, 0x00000007bf780000, 0x00000007c0000000)
  eden space 492032K, 100% used [0x0000000795580000,0x00000007b3600000,0x00000007b3600000)
  from space 46592K, 99% used [0x00000007b3600000,0x00000007b6355278,0x00000007b6380000)
  to   space 97792K, 0% used [0x00000007b9800000,0x00000007b9800000,0x00000007bf780000)
 ParOldGen       total 454656K, used 219786K [0x0000000740000000, 0x000000075bc00000, 0x0000000795580000)
  object space 454656K, 48% used [0x0000000740000000,0x000000074d6a2970,0x000000075bc00000)
 Metaspace       used 624292K, capacity 637490K, committed 638168K, reserved 1611776K
  class space    used 73135K, capacity 75242K, committed 75264K, reserved 1048576K
Event: 39087.288 GC heap after
Heap after GC invocations=276 (full 16):
 PSYoungGen      total 595968K, used 51173K [0x0000000795580000, 0x00000007c0000000, 0x00000007c0000000)
  eden space 498176K, 0% used [0x0000000795580000,0x0000000795580000,0x00000007b3c00000)
  from space 97792K, 52% used [0x00000007b9800000,0x00000007bc9f97d8,0x00000007bf780000)
  to   space 94208K, 0% used [0x00000007b3c00000,0x00000007b3c00000,0x00000007b9800000)
 ParOldGen       total 454656K, used 219826K [0x0000000740000000, 0x000000075bc00000, 0x0000000795580000)
  object space 454656K, 48% used [0x0000000740000000,0x000000074d6ac970,0x000000075bc00000)
 Metaspace       used 624292K, capacity 637490K, committed 638168K, reserved 1611776K
  class space    used 73135K, capacity 75242K, committed 75264K, reserved 1048576K
}
Event: 39201.054 GC heap before
{Heap before GC invocations=277 (full 16):
 PSYoungGen      total 595968K, used 549349K [0x0000000795580000, 0x00000007c0000000, 0x00000007c0000000)
  eden space 498176K, 100% used [0x0000000795580000,0x00000007b3c00000,0x00000007b3c00000)
  from space 97792K, 52% used [0x00000007b9800000,0x00000007bc9f97d8,0x00000007bf780000)
  to   space 94208K, 0% used [0x00000007b3c00000,0x00000007b3c00000,0x00000007b9800000)
 ParOldGen       total 454656K, used 219826K [0x0000000740000000, 0x000000075bc00000, 0x0000000795580000)
  object space 454656K, 48% used [0x0000000740000000,0x000000074d6ac970,0x000000075bc00000)
 Metaspace       used 627974K, capacity 641260K, committed 642008K, reserved 1615872K
  class space    used 73599K, capacity 75709K, committed 75776K, reserved 1048576K
Event: 39201.721 GC heap after
Heap after GC invocations=277 (full 16):
 PSYoungGen      total 592384K, used 49752K [0x0000000795580000, 0x00000007bf580000, 0x00000007c0000000)
  eden space 498176K, 0% used [0x0000000795580000,0x0000000795580000,0x00000007b3c00000)
  from space 94208K, 52% used [0x00000007b3c00000,0x00000007b6c961e8,0x00000007b9800000)
  to   space 90624K, 0% used [0x00000007b9d00000,0x00000007b9d00000,0x00000007bf580000)
 ParOldGen       total 454656K, used 220818K [0x0000000740000000, 0x000000075bc00000, 0x0000000795580000)
  object space 454656K, 48% used [0x0000000740000000,0x000000074d7a4aa8,0x000000075bc00000)
 Metaspace       used 627974K, capacity 641260K, committed 642008K, reserved 1615872K
  class space    used 73599K, capacity 75709K, committed 75776K, reserved 1048576K
}
Event: 39207.736 GC heap before
{Heap before GC invocations=278 (full 16):
 PSYoungGen      total 592384K, used 547915K [0x0000000795580000, 0x00000007bf580000, 0x00000007c0000000)
  eden space 498176K, 99% used [0x0000000795580000,0x00000007b3bfcb00,0x00000007b3c00000)
  from space 94208K, 52% used [0x00000007b3c00000,0x00000007b6c961e8,0x00000007b9800000)
  to   space 90624K, 0% used [0x00000007b9d00000,0x00000007b9d00000,0x00000007bf580000)
 ParOldGen       total 454656K, used 220818K [0x0000000740000000, 0x000000075bc00000, 0x0000000795580000)
  object space 454656K, 48% used [0x0000000740000000,0x000000074d7a4aa8,0x000000075bc00000)
 Metaspace       used 628009K, capacity 641342K, committed 642008K, reserved 1615872K
  class space    used 73602K, capacity 75712K, committed 75776K, reserved 1048576K
Event: 39208.206 GC heap after
Heap after GC invocations=278 (full 16):
 PSYoungGen      total 598528K, used 27233K [0x0000000795580000, 0x00000007bfa80000, 0x00000007c0000000)
  eden space 507904K, 0% used [0x0000000795580000,0x0000000795580000,0x00000007b4580000)
  from space 90624K, 30% used [0x00000007b9d00000,0x00000007bb7984b0,0x00000007bf580000)
  to   space 89600K, 0% used [0x00000007b4580000,0x00000007b4580000,0x00000007b9d00000)
 ParOldGen       total 454656K, used 250712K [0x0000000740000000, 0x000000075bc00000, 0x0000000795580000)
  object space 454656K, 55% used [0x0000000740000000,0x000000074f4d6318,0x000000075bc00000)
 Metaspace       used 628009K, capacity 641342K, committed 642008K, reserved 1615872K
  class space    used 73602K, capacity 75712K, committed 75776K, reserved 1048576K
}

