# JRE version: OpenJDK Runtime Environment (8.0_242) (build 1.8.0_242-release-1644-b3-6222593)
# Java VM: OpenJDK 64-Bit Server VM (25.242-b3-6222593 mixed mode bsd-amd64 compressed oops)
Heap:
 PSYoungGen      total 577536K, used 148865K [0x0000000795580000, 0x00000007bf600000, 0x00000007c0000000)
  eden space 482816K, 28% used [0x0000000795580000,0x000000079dc7a308,0x00000007b2d00000)
  from space 94720K, 11% used [0x00000007b9980000,0x00000007ba3e6308,0x00000007bf600000)
  to   space 102912K, 0% used [0x00000007b2d00000,0x00000007b2d00000,0x00000007b9180000)
 ParOldGen       total 758272K, used 299491K [0x0000000740000000, 0x000000076e480000, 0x0000000795580000)
  object space 758272K, 39% used [0x0000000740000000,0x0000000752478ec8,0x000000076e480000)
 Metaspace       used 515568K, capacity 530140K, committed 532008K, reserved 1517568K
  class space    used 60625K, capacity 63284K, committed 63528K, reserved 1048576K
GC Heap History (10 events):
Event: 12222.708 GC heap before
{Heap before GC invocations=267 (full 19):
 PSYoungGen      total 598528K, used 549397K [0x0000000795580000, 0x00000007c0000000, 0x00000007c0000000)
  eden space 511488K, 100% used [0x0000000795580000,0x00000007b4900000,0x00000007b4900000)
  from space 87040K, 43% used [0x00000007b4900000,0x00000007b6e057a8,0x00000007b9e00000)
  to   space 84992K, 0% used [0x00000007bad00000,0x00000007bad00000,0x00000007c0000000)
 ParOldGen       total 758272K, used 191881K [0x0000000740000000, 0x000000076e480000, 0x0000000795580000)
  object space 758272K, 25% used [0x0000000740000000,0x000000074bb62568,0x000000076e480000)
 Metaspace       used 492344K, capacity 506684K, committed 508840K, reserved 1497088K
  class space    used 57885K, capacity 60476K, committed 60840K, reserved 1048576K
Event: 12222.947 GC heap after
Heap after GC invocations=267 (full 19):
 PSYoungGen      total 602624K, used 16088K [0x0000000795580000, 0x00000007bf700000, 0x00000007c0000000)
  eden space 526848K, 0% used [0x0000000795580000,0x0000000795580000,0x00000007b5800000)
  from space 75776K, 21% used [0x00000007bad00000,0x00000007bbcb6218,0x00000007bf700000)
  to   space 81408K, 0% used [0x00000007b5800000,0x00000007b5800000,0x00000007ba780000)
 ParOldGen       total 758272K, used 197942K [0x0000000740000000, 0x000000076e480000, 0x0000000795580000)
  object space 758272K, 26% used [0x0000000740000000,0x000000074c14d958,0x000000076e480000)
 Metaspace       used 492344K, capacity 506684K, committed 508840K, reserved 1497088K
  class space    used 57885K, capacity 60476K, committed 60840K, reserved 1048576K
}
Event: 12234.684 GC heap before
{Heap before GC invocations=268 (full 19):
 PSYoungGen      total 602624K, used 542936K [0x0000000795580000, 0x00000007bf700000, 0x00000007c0000000)
  eden space 526848K, 100% used [0x0000000795580000,0x00000007b5800000,0x00000007b5800000)
  from space 75776K, 21% used [0x00000007bad00000,0x00000007bbcb6218,0x00000007bf700000)
  to   space 81408K, 0% used [0x00000007b5800000,0x00000007b5800000,0x00000007ba780000)
 ParOldGen       total 758272K, used 197942K [0x0000000740000000, 0x000000076e480000, 0x0000000795580000)
  object space 758272K, 26% used [0x0000000740000000,0x000000074c14d958,0x000000076e480000)
 Metaspace       used 503605K, capacity 518018K, committed 520104K, reserved 1507328K
  class space    used 59205K, capacity 61815K, committed 62120K, reserved 1048576K
Event: 12235.940 GC heap after
Heap after GC invocations=268 (full 19):
 PSYoungGen      total 608256K, used 81379K [0x0000000795580000, 0x00000007c0000000, 0x00000007c0000000)
  eden space 526848K, 0% used [0x0000000795580000,0x0000000795580000,0x00000007b5800000)
  from space 81408K, 99% used [0x00000007b5800000,0x00000007ba778f90,0x00000007ba780000)
  to   space 90624K, 0% used [0x00000007ba780000,0x00000007ba780000,0x00000007c0000000)
 ParOldGen       total 758272K, used 244251K [0x0000000740000000, 0x000000076e480000, 0x0000000795580000)
  object space 758272K, 32% used [0x0000000740000000,0x000000074ee86c78,0x000000076e480000)
 Metaspace       used 503605K, capacity 518018K, committed 520104K, reserved 1507328K
  class space    used 59205K, capacity 61815K, committed 62120K, reserved 1048576K
}
Event: 12291.420 GC heap before
{Heap before GC invocations=269 (full 19):
 PSYoungGen      total 608256K, used 608227K [0x0000000795580000, 0x00000007c0000000, 0x00000007c0000000)
  eden space 526848K, 100% used [0x0000000795580000,0x00000007b5800000,0x00000007b5800000)
  from space 81408K, 99% used [0x00000007b5800000,0x00000007ba778f90,0x00000007ba780000)
  to   space 90624K, 0% used [0x00000007ba780000,0x00000007ba780000,0x00000007c0000000)
 ParOldGen       total 758272K, used 244251K [0x0000000740000000, 0x000000076e480000, 0x0000000795580000)
  object space 758272K, 32% used [0x0000000740000000,0x000000074ee86c78,0x000000076e480000)
 Metaspace       used 503660K, capacity 518018K, committed 520104K, reserved 1507328K
  class space    used 59206K, capacity 61815K, committed 62120K, reserved 1048576K
Event: 12292.321 GC heap after
Heap after GC invocations=269 (full 19):
 PSYoungGen      total 567296K, used 51186K [0x0000000795580000, 0x00000007c0000000, 0x00000007c0000000)
  eden space 476672K, 0% used [0x0000000795580000,0x0000000795580000,0x00000007b2700000)
  from space 90624K, 56% used [0x00000007ba780000,0x00000007bd97c970,0x00000007c0000000)
  to   space 111104K, 0% used [0x00000007b2700000,0x00000007b2700000,0x00000007b9380000)
 ParOldGen       total 758272K, used 247571K [0x0000000740000000, 0x000000076e480000, 0x0000000795580000)
  object space 758272K, 32% used [0x0000000740000000,0x000000074f1c4ff0,0x000000076e480000)
 Metaspace       used 503660K, capacity 518018K, committed 520104K, reserved 1507328K
  class space    used 59206K, capacity 61815K, committed 62120K, reserved 1048576K
}
Event: 12840.423 GC heap before
{Heap before GC invocations=270 (full 19):
 PSYoungGen      total 567296K, used 527858K [0x0000000795580000, 0x00000007c0000000, 0x00000007c0000000)
  eden space 476672K, 100% used [0x0000000795580000,0x00000007b2700000,0x00000007b2700000)
  from space 90624K, 56% used [0x00000007ba780000,0x00000007bd97c970,0x00000007c0000000)
  to   space 111104K, 0% used [0x00000007b2700000,0x00000007b2700000,0x00000007b9380000)
 ParOldGen       total 758272K, used 247571K [0x0000000740000000, 0x000000076e480000, 0x0000000795580000)
  object space 758272K, 32% used [0x0000000740000000,0x000000074f1c4ff0,0x000000076e480000)
 Metaspace       used 510271K, capacity 524780K, committed 526760K, reserved 1513472K
  class space    used 59949K, capacity 62610K, committed 62888K, reserved 1048576K
Event: 12842.089 GC heap after
Heap after GC invocations=270 (full 19):
 PSYoungGen      total 587776K, used 30558K [0x0000000795580000, 0x00000007c0000000, 0x00000007c0000000)
  eden space 476672K, 0% used [0x0000000795580000,0x0000000795580000,0x00000007b2700000)
  from space 111104K, 27% used [0x00000007b2700000,0x00000007b44d7820,0x00000007b9380000)
  to   space 104960K, 0% used [0x00000007b9980000,0x00000007b9980000,0x00000007c0000000)
 ParOldGen       total 758272K, used 287129K [0x0000000740000000, 0x000000076e480000, 0x0000000795580000)
  object space 758272K, 37% used [0x0000000740000000,0x0000000751866700,0x000000076e480000)
 Metaspace       used 510271K, capacity 524780K, committed 526760K, reserved 1513472K
  class space    used 59949K, capacity 62610K, committed 62888K, reserved 1048576K
}
Event: 12869.616 GC heap before
{Heap before GC invocations=271 (full 19):
 PSYoungGen      total 587776K, used 507230K [0x0000000795580000, 0x00000007c0000000, 0x00000007c0000000)
  eden space 476672K, 100% used [0x0000000795580000,0x00000007b2700000,0x00000007b2700000)
  from space 111104K, 27% used [0x00000007b2700000,0x00000007b44d7820,0x00000007b9380000)
  to   space 104960K, 0% used [0x00000007b9980000,0x00000007b9980000,0x00000007c0000000)
 ParOldGen       total 758272K, used 287129K [0x0000000740000000, 0x000000076e480000, 0x0000000795580000)
  object space 758272K, 37% used [0x0000000740000000,0x0000000751866700,0x000000076e480000)
 Metaspace       used 515147K, capacity 529660K, committed 531368K, reserved 1517568K
  class space    used 60552K, capacity 63204K, committed 63400K, reserved 1048576K
Event: 12870.325 GC heap after
Heap after GC invocations=271 (full 19):
 PSYoungGen      total 577536K, used 10648K [0x0000000795580000, 0x00000007bf600000, 0x00000007c0000000)
  eden space 482816K, 0% used [0x0000000795580000,0x0000000795580000,0x00000007b2d00000)
  from space 94720K, 11% used [0x00000007b9980000,0x00000007ba3e6308,0x00000007bf600000)
  to   space 102912K, 0% used [0x00000007b2d00000,0x00000007b2d00000,0x00000007b9180000)
 ParOldGen       total 758272K, used 299491K [0x0000000740000000, 0x000000076e480000, 0x0000000795580000)
  object space 758272K, 39% used [0x0000000740000000,0x0000000752478ec8,0x000000076e480000)
 Metaspace       used 515147K, capacity 529660K, committed 531368K, reserved 1517568K
  class space    used 60552K, capacity 63204K, committed 63400K, reserved 1048576K
}

