# JRE version: OpenJDK Runtime Environment (8.0_242) (build 1.8.0_242-release-1644-b3-6222593)
# Java VM: OpenJDK 64-Bit Server VM (25.242-b3-6222593 mixed mode bsd-amd64 compressed oops)
Heap:
 PSYoungGen      total 610304K, used 31980K [0x0000000795580000, 0x00000007c0000000, 0x00000007c0000000)
  eden space 533504K, 4% used [0x0000000795580000,0x0000000796f83190,0x00000007b5e80000)
  from space 76800K, 6% used [0x00000007b5e80000,0x00000007b63b8160,0x00000007ba980000)
  to   space 75264K, 0% used [0x00000007bb680000,0x00000007bb680000,0x00000007c0000000)
 ParOldGen       total 430080K, used 220986K [0x0000000740000000, 0x000000075a400000, 0x0000000795580000)
  object space 430080K, 51% used [0x0000000740000000,0x000000074d7ce9c8,0x000000075a400000)
 Metaspace       used 151270K, capacity 159088K, committed 159552K, reserved 1189888K
  class space    used 18386K, capacity 19857K, committed 20096K, reserved 1048576K
GC Heap History (10 events):
Event: 11735.055 GC heap before
{Heap before GC invocations=114 (full 6):
 PSYoungGen      total 631296K, used 581280K [0x0000000795580000, 0x00000007bf800000, 0x00000007c0000000)
  eden space 573952K, 100% used [0x0000000795580000,0x00000007b8600000,0x00000007b8600000)
  from space 57344K, 12% used [0x00000007b8600000,0x00000007b8d28000,0x00000007bbe00000)
  to   space 54272K, 0% used [0x00000007bc300000,0x00000007bc300000,0x00000007bf800000)
 ParOldGen       total 308736K, used 230220K [0x0000000740000000, 0x0000000752d80000, 0x0000000795580000)
  object space 308736K, 74% used [0x0000000740000000,0x000000074e0d3208,0x0000000752d80000)
 Metaspace       used 150778K, capacity 158462K, committed 158656K, reserved 1187840K
  class space    used 18390K, capacity 19834K, committed 19968K, reserved 1048576K
Event: 11735.500 GC heap after
Heap after GC invocations=114 (full 6):
 PSYoungGen      total 587264K, used 54241K [0x0000000795580000, 0x00000007c0000000, 0x00000007c0000000)
  eden space 532992K, 0% used [0x0000000795580000,0x0000000795580000,0x00000007b5e00000)
  from space 54272K, 99% used [0x00000007bc300000,0x00000007bf7f86b0,0x00000007bf800000)
  to   space 82944K, 0% used [0x00000007b5e00000,0x00000007b5e00000,0x00000007baf00000)
 ParOldGen       total 308736K, used 278354K [0x0000000740000000, 0x0000000752d80000, 0x0000000795580000)
  object space 308736K, 90% used [0x0000000740000000,0x0000000750fd4928,0x0000000752d80000)
 Metaspace       used 150778K, capacity 158462K, committed 158656K, reserved 1187840K
  class space    used 18390K, capacity 19834K, committed 19968K, reserved 1048576K
}
Event: 11735.503 GC heap before
{Heap before GC invocations=115 (full 7):
 PSYoungGen      total 587264K, used 54241K [0x0000000795580000, 0x00000007c0000000, 0x00000007c0000000)
  eden space 532992K, 0% used [0x0000000795580000,0x0000000795580000,0x00000007b5e00000)
  from space 54272K, 99% used [0x00000007bc300000,0x00000007bf7f86b0,0x00000007bf800000)
  to   space 82944K, 0% used [0x00000007b5e00000,0x00000007b5e00000,0x00000007baf00000)
 ParOldGen       total 308736K, used 278354K [0x0000000740000000, 0x0000000752d80000, 0x0000000795580000)
  object space 308736K, 90% used [0x0000000740000000,0x0000000750fd4928,0x0000000752d80000)
 Metaspace       used 150778K, capacity 158462K, committed 158656K, reserved 1187840K
  class space    used 18390K, capacity 19834K, committed 19968K, reserved 1048576K
Event: 11737.800 GC heap after
Heap after GC invocations=115 (full 7):
 PSYoungGen      total 587264K, used 0K [0x0000000795580000, 0x00000007c0000000, 0x00000007c0000000)
  eden space 532992K, 0% used [0x0000000795580000,0x0000000795580000,0x00000007b5e00000)
  from space 54272K, 0% used [0x00000007bc300000,0x00000007bc300000,0x00000007bf800000)
  to   space 82944K, 0% used [0x00000007b5e00000,0x00000007b5e00000,0x00000007baf00000)
 ParOldGen       total 430080K, used 200341K [0x0000000740000000, 0x000000075a400000, 0x0000000795580000)
  object space 430080K, 46% used [0x0000000740000000,0x000000074c3a55a8,0x000000075a400000)
 Metaspace       used 150114K, capacity 157474K, committed 158656K, reserved 1187840K
  class space    used 18300K, capacity 19672K, committed 19968K, reserved 1048576K
}
Event: 11740.947 GC heap before
{Heap before GC invocations=116 (full 7):
 PSYoungGen      total 587264K, used 532992K [0x0000000795580000, 0x00000007c0000000, 0x00000007c0000000)
  eden space 532992K, 100% used [0x0000000795580000,0x00000007b5e00000,0x00000007b5e00000)
  from space 54272K, 0% used [0x00000007bc300000,0x00000007bc300000,0x00000007bf800000)
  to   space 82944K, 0% used [0x00000007b5e00000,0x00000007b5e00000,0x00000007baf00000)
 ParOldGen       total 430080K, used 200341K [0x0000000740000000, 0x000000075a400000, 0x0000000795580000)
  object space 430080K, 46% used [0x0000000740000000,0x000000074c3a55a8,0x000000075a400000)
 Metaspace       used 150124K, capacity 157480K, committed 158656K, reserved 1187840K
  class space    used 18300K, capacity 19673K, committed 19968K, reserved 1048576K
Event: 11740.992 GC heap after
Heap after GC invocations=116 (full 7):
 PSYoungGen      total 615936K, used 38367K [0x0000000795580000, 0x00000007c0000000, 0x00000007c0000000)
  eden space 532992K, 0% used [0x0000000795580000,0x0000000795580000,0x00000007b5e00000)
  from space 82944K, 46% used [0x00000007b5e00000,0x00000007b8377e60,0x00000007baf00000)
  to   space 82432K, 0% used [0x00000007baf80000,0x00000007baf80000,0x00000007c0000000)
 ParOldGen       total 430080K, used 200341K [0x0000000740000000, 0x000000075a400000, 0x0000000795580000)
  object space 430080K, 46% used [0x0000000740000000,0x000000074c3a55a8,0x000000075a400000)
 Metaspace       used 150124K, capacity 157480K, committed 158656K, reserved 1187840K
  class space    used 18300K, capacity 19673K, committed 19968K, reserved 1048576K
}
Event: 13084.823 GC heap before
{Heap before GC invocations=117 (full 7):
 PSYoungGen      total 615936K, used 571359K [0x0000000795580000, 0x00000007c0000000, 0x00000007c0000000)
  eden space 532992K, 100% used [0x0000000795580000,0x00000007b5e00000,0x00000007b5e00000)
  from space 82944K, 46% used [0x00000007b5e00000,0x00000007b8377e60,0x00000007baf00000)
  to   space 82432K, 0% used [0x00000007baf80000,0x00000007baf80000,0x00000007c0000000)
 ParOldGen       total 430080K, used 200341K [0x0000000740000000, 0x000000075a400000, 0x0000000795580000)
  object space 430080K, 46% used [0x0000000740000000,0x000000074c3a55a8,0x000000075a400000)
 Metaspace       used 150654K, capacity 158466K, committed 158656K, reserved 1187840K
  class space    used 18365K, capacity 19820K, committed 19968K, reserved 1048576K
Event: 13085.722 GC heap after
Heap after GC invocations=117 (full 7):
 PSYoungGen      total 604160K, used 23931K [0x0000000795580000, 0x00000007bf480000, 0x00000007c0000000)
  eden space 533504K, 0% used [0x0000000795580000,0x0000000795580000,0x00000007b5e80000)
  from space 70656K, 33% used [0x00000007baf80000,0x00000007bc6dedb8,0x00000007bf480000)
  to   space 76800K, 0% used [0x00000007b5e80000,0x00000007b5e80000,0x00000007ba980000)
 ParOldGen       total 430080K, used 211629K [0x0000000740000000, 0x000000075a400000, 0x0000000795580000)
  object space 430080K, 49% used [0x0000000740000000,0x000000074ceab4c0,0x000000075a400000)
 Metaspace       used 150654K, capacity 158466K, committed 158656K, reserved 1187840K
  class space    used 18365K, capacity 19820K, committed 19968K, reserved 1048576K
}
Event: 13112.280 GC heap before
{Heap before GC invocations=118 (full 7):
 PSYoungGen      total 604160K, used 557435K [0x0000000795580000, 0x00000007bf480000, 0x00000007c0000000)
  eden space 533504K, 100% used [0x0000000795580000,0x00000007b5e80000,0x00000007b5e80000)
  from space 70656K, 33% used [0x00000007baf80000,0x00000007bc6dedb8,0x00000007bf480000)
  to   space 76800K, 0% used [0x00000007b5e80000,0x00000007b5e80000,0x00000007ba980000)
 ParOldGen       total 430080K, used 211629K [0x0000000740000000, 0x000000075a400000, 0x0000000795580000)
  object space 430080K, 49% used [0x0000000740000000,0x000000074ceab4c0,0x000000075a400000)
 Metaspace       used 151262K, capacity 159076K, committed 159424K, reserved 1189888K
  class space    used 18385K, capacity 19855K, committed 19968K, reserved 1048576K
Event: 13112.865 GC heap after
Heap after GC invocations=118 (full 7):
 PSYoungGen      total 610304K, used 5344K [0x0000000795580000, 0x00000007c0000000, 0x00000007c0000000)
  eden space 533504K, 0% used [0x0000000795580000,0x0000000795580000,0x00000007b5e80000)
  from space 76800K, 6% used [0x00000007b5e80000,0x00000007b63b8160,0x00000007ba980000)
  to   space 75264K, 0% used [0x00000007bb680000,0x00000007bb680000,0x00000007c0000000)
 ParOldGen       total 430080K, used 220986K [0x0000000740000000, 0x000000075a400000, 0x0000000795580000)
  object space 430080K, 51% used [0x0000000740000000,0x000000074d7ce9c8,0x000000075a400000)
 Metaspace       used 151262K, capacity 159076K, committed 159424K, reserved 1189888K
  class space    used 18385K, capacity 19855K, committed 19968K, reserved 1048576K
}

