# JRE version: OpenJDK Runtime Environment (8.0_242) (build 1.8.0_242-release-1644-b3-6222593)
# Java VM: OpenJDK 64-Bit Server VM (25.242-b3-6222593 mixed mode bsd-amd64 compressed oops)
Heap:
 PSYoungGen      total 141824K, used 4807K [0x0000000795580000, 0x00000007a1180000, 0x00000007c0000000)
  eden space 130048K, 3% used [0x0000000795580000,0x0000000795a31f08,0x000000079d480000)
  from space 11776K, 0% used [0x000000079d480000,0x000000079d480000,0x000000079e000000)
  to   space 13312K, 0% used [0x00000007a0480000,0x00000007a0480000,0x00000007a1180000)
 ParOldGen       total 98816K, used 17955K [0x0000000740000000, 0x0000000746080000, 0x0000000795580000)
  object space 98816K, 18% used [0x0000000740000000,0x0000000741188f88,0x0000000746080000)
 Metaspace       used 34339K, capacity 35638K, committed 35752K, reserved 1079296K
  class space    used 4702K, capacity 5032K, committed 5032K, reserved 1048576K
GC Heap History (10 events):
Event: 7.755 GC heap before
{Heap before GC invocations=5 (full 0):
 PSYoungGen      total 71680K, used 64789K [0x0000000795580000, 0x000000079a080000, 0x00000007c0000000)
  eden space 66560K, 89% used [0x0000000795580000,0x0000000798fcd660,0x0000000799680000)
  from space 5120K, 99% used [0x0000000799b80000,0x000000079a078020,0x000000079a080000)
  to   space 5120K, 0% used [0x0000000799680000,0x0000000799680000,0x0000000799b80000)
 ParOldGen       total 87552K, used 5245K [0x0000000740000000, 0x0000000745580000, 0x0000000795580000)
  object space 87552K, 5% used [0x0000000740000000,0x000000074051f4a0,0x0000000745580000)
 Metaspace       used 20420K, capacity 21200K, committed 21296K, reserved 1067008K
  class space    used 2932K, capacity 3142K, committed 3200K, reserved 1048576K
Event: 7.771 GC heap after
Heap after GC invocations=5 (full 0):
 PSYoungGen      total 71680K, used 5088K [0x0000000795580000, 0x000000079ef80000, 0x00000007c0000000)
  eden space 66560K, 0% used [0x0000000795580000,0x0000000795580000,0x0000000799680000)
  from space 5120K, 99% used [0x0000000799680000,0x0000000799b78030,0x0000000799b80000)
  to   space 12288K, 0% used [0x000000079e380000,0x000000079e380000,0x000000079ef80000)
 ParOldGen       total 87552K, used 11018K [0x0000000740000000, 0x0000000745580000, 0x0000000795580000)
  object space 87552K, 12% used [0x0000000740000000,0x0000000740ac2878,0x0000000745580000)
 Metaspace       used 20420K, capacity 21200K, committed 21296K, reserved 1067008K
  class space    used 2932K, capacity 3142K, committed 3200K, reserved 1048576K
}
Event: 7.771 GC heap before
{Heap before GC invocations=6 (full 1):
 PSYoungGen      total 71680K, used 5088K [0x0000000795580000, 0x000000079ef80000, 0x00000007c0000000)
  eden space 66560K, 0% used [0x0000000795580000,0x0000000795580000,0x0000000799680000)
  from space 5120K, 99% used [0x0000000799680000,0x0000000799b78030,0x0000000799b80000)
  to   space 12288K, 0% used [0x000000079e380000,0x000000079e380000,0x000000079ef80000)
 ParOldGen       total 87552K, used 11018K [0x0000000740000000, 0x0000000745580000, 0x0000000795580000)
  object space 87552K, 12% used [0x0000000740000000,0x0000000740ac2878,0x0000000745580000)
 Metaspace       used 20420K, capacity 21200K, committed 21296K, reserved 1067008K
  class space    used 2932K, capacity 3142K, committed 3200K, reserved 1048576K
Event: 7.828 GC heap after
Heap after GC invocations=6 (full 1):
 PSYoungGen      total 71680K, used 0K [0x0000000795580000, 0x000000079ef80000, 0x00000007c0000000)
  eden space 66560K, 0% used [0x0000000795580000,0x0000000795580000,0x0000000799680000)
  from space 5120K, 0% used [0x0000000799680000,0x0000000799680000,0x0000000799b80000)
  to   space 12288K, 0% used [0x000000079e380000,0x000000079e380000,0x000000079ef80000)
 ParOldGen       total 64000K, used 10764K [0x0000000740000000, 0x0000000743e80000, 0x0000000795580000)
  object space 64000K, 16% used [0x0000000740000000,0x0000000740a83238,0x0000000743e80000)
 Metaspace       used 20420K, capacity 21200K, committed 21296K, reserved 1067008K
  class space    used 2932K, capacity 3142K, committed 3200K, reserved 1048576K
}
Event: 10.075 GC heap before
{Heap before GC invocations=7 (full 1):
 PSYoungGen      total 71680K, used 66560K [0x0000000795580000, 0x000000079ef80000, 0x00000007c0000000)
  eden space 66560K, 100% used [0x0000000795580000,0x0000000799680000,0x0000000799680000)
  from space 5120K, 0% used [0x0000000799680000,0x0000000799680000,0x0000000799b80000)
  to   space 12288K, 0% used [0x000000079e380000,0x000000079e380000,0x000000079ef80000)
 ParOldGen       total 64000K, used 10764K [0x0000000740000000, 0x0000000743e80000, 0x0000000795580000)
  object space 64000K, 16% used [0x0000000740000000,0x0000000740a83238,0x0000000743e80000)
 Metaspace       used 28118K, capacity 29046K, committed 29312K, reserved 1075200K
  class space    used 3955K, capacity 4221K, committed 4224K, reserved 1048576K
Event: 10.088 GC heap after
Heap after GC invocations=7 (full 1):
 PSYoungGen      total 113664K, used 8079K [0x0000000795580000, 0x000000079eb80000, 0x00000007c0000000)
  eden space 105472K, 0% used [0x0000000795580000,0x0000000795580000,0x000000079bc80000)
  from space 8192K, 98% used [0x000000079e380000,0x000000079eb63d40,0x000000079eb80000)
  to   space 11776K, 0% used [0x000000079d480000,0x000000079d480000,0x000000079e000000)
 ParOldGen       total 64000K, used 10772K [0x0000000740000000, 0x0000000743e80000, 0x0000000795580000)
  object space 64000K, 16% used [0x0000000740000000,0x0000000740a85238,0x0000000743e80000)
 Metaspace       used 28118K, capacity 29046K, committed 29312K, reserved 1075200K
  class space    used 3955K, capacity 4221K, committed 4224K, reserved 1048576K
}
Event: 12.253 GC heap before
{Heap before GC invocations=8 (full 1):
 PSYoungGen      total 113664K, used 100256K [0x0000000795580000, 0x000000079eb80000, 0x00000007c0000000)
  eden space 105472K, 87% used [0x0000000795580000,0x000000079af84618,0x000000079bc80000)
  from space 8192K, 98% used [0x000000079e380000,0x000000079eb63d40,0x000000079eb80000)
  to   space 11776K, 0% used [0x000000079d480000,0x000000079d480000,0x000000079e000000)
 ParOldGen       total 64000K, used 10772K [0x0000000740000000, 0x0000000743e80000, 0x0000000795580000)
  object space 64000K, 16% used [0x0000000740000000,0x0000000740a85238,0x0000000743e80000)
 Metaspace       used 34171K, capacity 35414K, committed 35496K, reserved 1079296K
  class space    used 4674K, capacity 5000K, committed 5032K, reserved 1048576K
Event: 12.272 GC heap after
Heap after GC invocations=8 (full 1):
 PSYoungGen      total 141824K, used 11308K [0x0000000795580000, 0x00000007a1180000, 0x00000007c0000000)
  eden space 130048K, 0% used [0x0000000795580000,0x0000000795580000,0x000000079d480000)
  from space 11776K, 96% used [0x000000079d480000,0x000000079df8b190,0x000000079e000000)
  to   space 13312K, 0% used [0x00000007a0480000,0x00000007a0480000,0x00000007a1180000)
 ParOldGen       total 64000K, used 10780K [0x0000000740000000, 0x0000000743e80000, 0x0000000795580000)
  object space 64000K, 16% used [0x0000000740000000,0x0000000740a87238,0x0000000743e80000)
 Metaspace       used 34171K, capacity 35414K, committed 35496K, reserved 1079296K
  class space    used 4674K, capacity 5000K, committed 5032K, reserved 1048576K
}
Event: 12.272 GC heap before
{Heap before GC invocations=9 (full 2):
 PSYoungGen      total 141824K, used 11308K [0x0000000795580000, 0x00000007a1180000, 0x00000007c0000000)
  eden space 130048K, 0% used [0x0000000795580000,0x0000000795580000,0x000000079d480000)
  from space 11776K, 96% used [0x000000079d480000,0x000000079df8b190,0x000000079e000000)
  to   space 13312K, 0% used [0x00000007a0480000,0x00000007a0480000,0x00000007a1180000)
 ParOldGen       total 64000K, used 10780K [0x0000000740000000, 0x0000000743e80000, 0x0000000795580000)
  object space 64000K, 16% used [0x0000000740000000,0x0000000740a87238,0x0000000743e80000)
 Metaspace       used 34171K, capacity 35414K, committed 35496K, reserved 1079296K
  class space    used 4674K, capacity 5000K, committed 5032K, reserved 1048576K
Event: 12.368 GC heap after
Heap after GC invocations=9 (full 2):
 PSYoungGen      total 141824K, used 0K [0x0000000795580000, 0x00000007a1180000, 0x00000007c0000000)
  eden space 130048K, 0% used [0x0000000795580000,0x0000000795580000,0x000000079d480000)
  from space 11776K, 0% used [0x000000079d480000,0x000000079d480000,0x000000079e000000)
  to   space 13312K, 0% used [0x00000007a0480000,0x00000007a0480000,0x00000007a1180000)
 ParOldGen       total 98816K, used 17955K [0x0000000740000000, 0x0000000746080000, 0x0000000795580000)
  object space 98816K, 18% used [0x0000000740000000,0x0000000741188f88,0x0000000746080000)
 Metaspace       used 34171K, capacity 35414K, committed 35496K, reserved 1079296K
  class space    used 4674K, capacity 5000K, committed 5032K, reserved 1048576K
}

