# JRE version: OpenJDK Runtime Environment (8.0_242) (build 1.8.0_242-release-1644-b3-6222593)
# Java VM: OpenJDK 64-Bit Server VM (25.242-b3-6222593 mixed mode bsd-amd64 compressed oops)
Heap:
 PSYoungGen      total 62464K, used 18755K [0x0000000795580000, 0x000000079b180000, 0x00000007c0000000)
  eden space 51200K, 18% used [0x0000000795580000,0x0000000795efb520,0x0000000798780000)
  from space 11264K, 80% used [0x0000000798780000,0x00000007990558f8,0x0000000799280000)
  to   space 11776K, 0% used [0x000000079a600000,0x000000079a600000,0x000000079b180000)
 ParOldGen       total 59904K, used 8516K [0x0000000740000000, 0x0000000743a80000, 0x0000000795580000)
  object space 59904K, 14% used [0x0000000740000000,0x0000000740851398,0x0000000743a80000)
 Metaspace       used 33513K, capacity 34686K, committed 34944K, reserved 1079296K
  class space    used 4578K, capacity 4868K, committed 4992K, reserved 1048576K
GC Heap History (10 events):
Event: 14.247 GC heap before
{Heap before GC invocations=6 (full 0):
 PSYoungGen      total 37888K, used 33593K [0x0000000795580000, 0x0000000799c00000, 0x00000007c0000000)
  eden space 32768K, 86% used [0x0000000795580000,0x00000007971524f8,0x0000000797580000)
  from space 5120K, 99% used [0x0000000797600000,0x0000000797afc030,0x0000000797b00000)
  to   space 10240K, 0% used [0x0000000799200000,0x0000000799200000,0x0000000799c00000)
 ParOldGen       total 87552K, used 8475K [0x0000000740000000, 0x0000000745580000, 0x0000000795580000)
  object space 87552K, 9% used [0x0000000740000000,0x0000000740846ef8,0x0000000745580000)
 Metaspace       used 20427K, capacity 21188K, committed 21296K, reserved 1067008K
  class space    used 2930K, capacity 3126K, committed 3200K, reserved 1048576K
Event: 14.259 GC heap after
Heap after GC invocations=6 (full 0):
 PSYoungGen      total 39936K, used 7509K [0x0000000795580000, 0x0000000799980000, 0x00000007c0000000)
  eden space 32256K, 0% used [0x0000000795580000,0x0000000795580000,0x0000000797500000)
  from space 7680K, 97% used [0x0000000799200000,0x00000007999557b0,0x0000000799980000)
  to   space 10240K, 0% used [0x0000000798580000,0x0000000798580000,0x0000000798f80000)
 ParOldGen       total 87552K, used 8483K [0x0000000740000000, 0x0000000745580000, 0x0000000795580000)
  object space 87552K, 9% used [0x0000000740000000,0x0000000740848ef8,0x0000000745580000)
 Metaspace       used 20427K, capacity 21188K, committed 21296K, reserved 1067008K
  class space    used 2930K, capacity 3126K, committed 3200K, reserved 1048576K
}
Event: 14.259 GC heap before
{Heap before GC invocations=7 (full 1):
 PSYoungGen      total 39936K, used 7509K [0x0000000795580000, 0x0000000799980000, 0x00000007c0000000)
  eden space 32256K, 0% used [0x0000000795580000,0x0000000795580000,0x0000000797500000)
  from space 7680K, 97% used [0x0000000799200000,0x00000007999557b0,0x0000000799980000)
  to   space 10240K, 0% used [0x0000000798580000,0x0000000798580000,0x0000000798f80000)
 ParOldGen       total 87552K, used 8483K [0x0000000740000000, 0x0000000745580000, 0x0000000795580000)
  object space 87552K, 9% used [0x0000000740000000,0x0000000740848ef8,0x0000000745580000)
 Metaspace       used 20427K, capacity 21188K, committed 21296K, reserved 1067008K
  class space    used 2930K, capacity 3126K, committed 3200K, reserved 1048576K
Event: 14.325 GC heap after
Heap after GC invocations=7 (full 1):
 PSYoungGen      total 39936K, used 0K [0x0000000795580000, 0x0000000799980000, 0x00000007c0000000)
  eden space 32256K, 0% used [0x0000000795580000,0x0000000795580000,0x0000000797500000)
  from space 7680K, 0% used [0x0000000799200000,0x0000000799200000,0x0000000799980000)
  to   space 10240K, 0% used [0x0000000798580000,0x0000000798580000,0x0000000798f80000)
 ParOldGen       total 59904K, used 8500K [0x0000000740000000, 0x0000000743a80000, 0x0000000795580000)
  object space 59904K, 14% used [0x0000000740000000,0x000000074084d398,0x0000000743a80000)
 Metaspace       used 20427K, capacity 21188K, committed 21296K, reserved 1067008K
  class space    used 2930K, capacity 3126K, committed 3200K, reserved 1048576K
}
Event: 15.258 GC heap before
{Heap before GC invocations=8 (full 1):
 PSYoungGen      total 39936K, used 32256K [0x0000000795580000, 0x0000000799980000, 0x00000007c0000000)
  eden space 32256K, 100% used [0x0000000795580000,0x0000000797500000,0x0000000797500000)
  from space 7680K, 0% used [0x0000000799200000,0x0000000799200000,0x0000000799980000)
  to   space 10240K, 0% used [0x0000000798580000,0x0000000798580000,0x0000000798f80000)
 ParOldGen       total 59904K, used 8500K [0x0000000740000000, 0x0000000743a80000, 0x0000000795580000)
  object space 59904K, 14% used [0x0000000740000000,0x000000074084d398,0x0000000743a80000)
 Metaspace       used 22532K, capacity 23370K, committed 23552K, reserved 1069056K
  class space    used 3277K, capacity 3493K, committed 3584K, reserved 1048576K
Event: 15.264 GC heap after
Heap after GC invocations=8 (full 1):
 PSYoungGen      total 59392K, used 2776K [0x0000000795580000, 0x0000000799d00000, 0x00000007c0000000)
  eden space 49152K, 0% used [0x0000000795580000,0x0000000795580000,0x0000000798580000)
  from space 10240K, 27% used [0x0000000798580000,0x0000000798836290,0x0000000798f80000)
  to   space 10752K, 0% used [0x0000000799280000,0x0000000799280000,0x0000000799d00000)
 ParOldGen       total 59904K, used 8500K [0x0000000740000000, 0x0000000743a80000, 0x0000000795580000)
  object space 59904K, 14% used [0x0000000740000000,0x000000074084d398,0x0000000743a80000)
 Metaspace       used 22532K, capacity 23370K, committed 23552K, reserved 1069056K
  class space    used 3277K, capacity 3493K, committed 3584K, reserved 1048576K
}
Event: 17.491 GC heap before
{Heap before GC invocations=9 (full 1):
 PSYoungGen      total 59392K, used 51928K [0x0000000795580000, 0x0000000799d00000, 0x00000007c0000000)
  eden space 49152K, 100% used [0x0000000795580000,0x0000000798580000,0x0000000798580000)
  from space 10240K, 27% used [0x0000000798580000,0x0000000798836290,0x0000000798f80000)
  to   space 10752K, 0% used [0x0000000799280000,0x0000000799280000,0x0000000799d00000)
 ParOldGen       total 59904K, used 8500K [0x0000000740000000, 0x0000000743a80000, 0x0000000795580000)
  object space 59904K, 14% used [0x0000000740000000,0x000000074084d398,0x0000000743a80000)
 Metaspace       used 30120K, capacity 31138K, committed 31360K, reserved 1077248K
  class space    used 4136K, capacity 4376K, committed 4480K, reserved 1048576K
Event: 17.505 GC heap after
Heap after GC invocations=9 (full 1):
 PSYoungGen      total 61952K, used 7876K [0x0000000795580000, 0x000000079b800000, 0x00000007c0000000)
  eden space 51200K, 0% used [0x0000000795580000,0x0000000795580000,0x0000000798780000)
  from space 10752K, 73% used [0x0000000799280000,0x0000000799a31040,0x0000000799d00000)
  to   space 11264K, 0% used [0x0000000798780000,0x0000000798780000,0x0000000799280000)
 ParOldGen       total 59904K, used 8508K [0x0000000740000000, 0x0000000743a80000, 0x0000000795580000)
  object space 59904K, 14% used [0x0000000740000000,0x000000074084f398,0x0000000743a80000)
 Metaspace       used 30120K, capacity 31138K, committed 31360K, reserved 1077248K
  class space    used 4136K, capacity 4376K, committed 4480K, reserved 1048576K
}
Event: 18.668 GC heap before
{Heap before GC invocations=10 (full 1):
 PSYoungGen      total 61952K, used 59076K [0x0000000795580000, 0x000000079b800000, 0x00000007c0000000)
  eden space 51200K, 100% used [0x0000000795580000,0x0000000798780000,0x0000000798780000)
  from space 10752K, 73% used [0x0000000799280000,0x0000000799a31040,0x0000000799d00000)
  to   space 11264K, 0% used [0x0000000798780000,0x0000000798780000,0x0000000799280000)
 ParOldGen       total 59904K, used 8508K [0x0000000740000000, 0x0000000743a80000, 0x0000000795580000)
  object space 59904K, 14% used [0x0000000740000000,0x000000074084f398,0x0000000743a80000)
 Metaspace       used 33154K, capacity 34250K, committed 34560K, reserved 1079296K
  class space    used 4514K, capacity 4768K, committed 4864K, reserved 1048576K
Event: 18.681 GC heap after
Heap after GC invocations=10 (full 1):
 PSYoungGen      total 62464K, used 9046K [0x0000000795580000, 0x000000079b180000, 0x00000007c0000000)
  eden space 51200K, 0% used [0x0000000795580000,0x0000000795580000,0x0000000798780000)
  from space 11264K, 80% used [0x0000000798780000,0x00000007990558f8,0x0000000799280000)
  to   space 11776K, 0% used [0x000000079a600000,0x000000079a600000,0x000000079b180000)
 ParOldGen       total 59904K, used 8516K [0x0000000740000000, 0x0000000743a80000, 0x0000000795580000)
  object space 59904K, 14% used [0x0000000740000000,0x0000000740851398,0x0000000743a80000)
 Metaspace       used 33154K, capacity 34250K, committed 34560K, reserved 1079296K
  class space    used 4514K, capacity 4768K, committed 4864K, reserved 1048576K
}

