# JRE version: OpenJDK Runtime Environment (8.0_242) (build 1.8.0_242-release-1644-b3-6222593)
# Java VM: OpenJDK 64-Bit Server VM (25.242-b3-6222593 mixed mode bsd-amd64 compressed oops)
Heap:
 PSYoungGen      total 554496K, used 71535K [0x0000000795580000, 0x00000007bf780000, 0x00000007c0000000)
  eden space 429056K, 2% used [0x0000000795580000,0x00000007961d1038,0x00000007af880000)
  from space 125440K, 46% used [0x00000007b7d00000,0x00000007bb68aeb0,0x00000007bf780000)
  to   space 130560K, 0% used [0x00000007af880000,0x00000007af880000,0x00000007b7800000)
 ParOldGen       total 311808K, used 124118K [0x0000000740000000, 0x0000000753080000, 0x0000000795580000)
  object space 311808K, 39% used [0x0000000740000000,0x0000000747935ae8,0x0000000753080000)
 Metaspace       used 203467K, capacity 214270K, committed 214568K, reserved 1236992K
  class space    used 24430K, capacity 26274K, committed 26408K, reserved 1048576K
GC Heap History (10 events):
Event: 10630.919 GC heap before
{Heap before GC invocations=71 (full 7):
 PSYoungGen      total 449536K, used 447488K [0x0000000795580000, 0x00000007bea80000, 0x00000007c0000000)
  eden space 447488K, 100% used [0x0000000795580000,0x00000007b0a80000,0x00000007b0a80000)
  from space 2048K, 0% used [0x00000007b0a80000,0x00000007b0a80000,0x00000007b0c80000)
  to   space 114688K, 0% used [0x00000007b7a80000,0x00000007b7a80000,0x00000007bea80000)
 ParOldGen       total 311808K, used 81817K [0x0000000740000000, 0x0000000753080000, 0x0000000795580000)
  object space 311808K, 26% used [0x0000000740000000,0x0000000744fe64b0,0x0000000753080000)
 Metaspace       used 191293K, capacity 201888K, committed 202664K, reserved 1226752K
  class space    used 23063K, capacity 24855K, committed 25000K, reserved 1048576K
Event: 10631.177 GC heap after
Heap after GC invocations=71 (full 7):
 PSYoungGen      total 569856K, used 32766K [0x0000000795580000, 0x00000007bf080000, 0x00000007c0000000)
  eden space 455168K, 0% used [0x0000000795580000,0x0000000795580000,0x00000007b1200000)
  from space 114688K, 28% used [0x00000007b7a80000,0x00000007b9a7f8a8,0x00000007bea80000)
  to   space 107008K, 0% used [0x00000007b1200000,0x00000007b1200000,0x00000007b7a80000)
 ParOldGen       total 311808K, used 81825K [0x0000000740000000, 0x0000000753080000, 0x0000000795580000)
  object space 311808K, 26% used [0x0000000740000000,0x0000000744fe84b0,0x0000000753080000)
 Metaspace       used 191293K, capacity 201888K, committed 202664K, reserved 1226752K
  class space    used 23063K, capacity 24855K, committed 25000K, reserved 1048576K
}
Event: 10649.708 GC heap before
{Heap before GC invocations=72 (full 7):
 PSYoungGen      total 569856K, used 487934K [0x0000000795580000, 0x00000007bf080000, 0x00000007c0000000)
  eden space 455168K, 100% used [0x0000000795580000,0x00000007b1200000,0x00000007b1200000)
  from space 114688K, 28% used [0x00000007b7a80000,0x00000007b9a7f8a8,0x00000007bea80000)
  to   space 107008K, 0% used [0x00000007b1200000,0x00000007b1200000,0x00000007b7a80000)
 ParOldGen       total 311808K, used 81825K [0x0000000740000000, 0x0000000753080000, 0x0000000795580000)
  object space 311808K, 26% used [0x0000000740000000,0x0000000744fe84b0,0x0000000753080000)
 Metaspace       used 191535K, capacity 202228K, committed 202664K, reserved 1226752K
  class space    used 23076K, capacity 24879K, committed 25000K, reserved 1048576K
Event: 10649.917 GC heap after
Heap after GC invocations=72 (full 7):
 PSYoungGen      total 562176K, used 22814K [0x0000000795580000, 0x00000007bec80000, 0x00000007c0000000)
  eden space 455168K, 0% used [0x0000000795580000,0x0000000795580000,0x00000007b1200000)
  from space 107008K, 21% used [0x00000007b1200000,0x00000007b28478e0,0x00000007b7a80000)
  to   space 100864K, 0% used [0x00000007b8a00000,0x00000007b8a00000,0x00000007bec80000)
 ParOldGen       total 311808K, used 81833K [0x0000000740000000, 0x0000000753080000, 0x0000000795580000)
  object space 311808K, 26% used [0x0000000740000000,0x0000000744fea4b0,0x0000000753080000)
 Metaspace       used 191535K, capacity 202228K, committed 202664K, reserved 1226752K
  class space    used 23076K, capacity 24879K, committed 25000K, reserved 1048576K
}
Event: 10652.781 GC heap before
{Heap before GC invocations=73 (full 7):
 PSYoungGen      total 562176K, used 477982K [0x0000000795580000, 0x00000007bec80000, 0x00000007c0000000)
  eden space 455168K, 100% used [0x0000000795580000,0x00000007b1200000,0x00000007b1200000)
  from space 107008K, 21% used [0x00000007b1200000,0x00000007b28478e0,0x00000007b7a80000)
  to   space 100864K, 0% used [0x00000007b8a00000,0x00000007b8a00000,0x00000007bec80000)
 ParOldGen       total 311808K, used 81833K [0x0000000740000000, 0x0000000753080000, 0x0000000795580000)
  object space 311808K, 26% used [0x0000000740000000,0x0000000744fea4b0,0x0000000753080000)
 Metaspace       used 191832K, capacity 202578K, committed 202920K, reserved 1226752K
  class space    used 23104K, capacity 24926K, committed 25000K, reserved 1048576K
Event: 10654.075 GC heap after
Heap after GC invocations=73 (full 7):
 PSYoungGen      total 528384K, used 100857K [0x0000000795580000, 0x00000007c0000000, 0x00000007c0000000)
  eden space 427520K, 0% used [0x0000000795580000,0x0000000795580000,0x00000007af700000)
  from space 100864K, 99% used [0x00000007b8a00000,0x00000007bec7e790,0x00000007bec80000)
  to   space 135680K, 0% used [0x00000007af700000,0x00000007af700000,0x00000007b7b80000)
 ParOldGen       total 311808K, used 124118K [0x0000000740000000, 0x0000000753080000, 0x0000000795580000)
  object space 311808K, 39% used [0x0000000740000000,0x0000000747935ae8,0x0000000753080000)
 Metaspace       used 191832K, capacity 202578K, committed 202920K, reserved 1226752K
  class space    used 23104K, capacity 24926K, committed 25000K, reserved 1048576K
}
Event: 10658.883 GC heap before
{Heap before GC invocations=74 (full 7):
 PSYoungGen      total 528384K, used 528377K [0x0000000795580000, 0x00000007c0000000, 0x00000007c0000000)
  eden space 427520K, 100% used [0x0000000795580000,0x00000007af700000,0x00000007af700000)
  from space 100864K, 99% used [0x00000007b8a00000,0x00000007bec7e790,0x00000007bec80000)
  to   space 135680K, 0% used [0x00000007af700000,0x00000007af700000,0x00000007b7b80000)
 ParOldGen       total 311808K, used 124118K [0x0000000740000000, 0x0000000753080000, 0x0000000795580000)
  object space 311808K, 39% used [0x0000000740000000,0x0000000747935ae8,0x0000000753080000)
 Metaspace       used 199653K, capacity 210404K, committed 210728K, reserved 1234944K
  class space    used 23953K, capacity 25761K, committed 25896K, reserved 1048576K
Event: 10659.107 GC heap after
Heap after GC invocations=74 (full 7):
 PSYoungGen      total 563200K, used 63283K [0x0000000795580000, 0x00000007c0000000, 0x00000007c0000000)
  eden space 427520K, 0% used [0x0000000795580000,0x0000000795580000,0x00000007af700000)
  from space 135680K, 46% used [0x00000007af700000,0x00000007b34ccc38,0x00000007b7b80000)
  to   space 134144K, 0% used [0x00000007b7d00000,0x00000007b7d00000,0x00000007c0000000)
 ParOldGen       total 311808K, used 124118K [0x0000000740000000, 0x0000000753080000, 0x0000000795580000)
  object space 311808K, 39% used [0x0000000740000000,0x0000000747935ae8,0x0000000753080000)
 Metaspace       used 199653K, capacity 210404K, committed 210728K, reserved 1234944K
  class space    used 23953K, capacity 25761K, committed 25896K, reserved 1048576K
}
Event: 10707.884 GC heap before
{Heap before GC invocations=75 (full 7):
 PSYoungGen      total 563200K, used 490803K [0x0000000795580000, 0x00000007c0000000, 0x00000007c0000000)
  eden space 427520K, 100% used [0x0000000795580000,0x00000007af700000,0x00000007af700000)
  from space 135680K, 46% used [0x00000007af700000,0x00000007b34ccc38,0x00000007b7b80000)
  to   space 134144K, 0% used [0x00000007b7d00000,0x00000007b7d00000,0x00000007c0000000)
 ParOldGen       total 311808K, used 124118K [0x0000000740000000, 0x0000000753080000, 0x0000000795580000)
  object space 311808K, 39% used [0x0000000740000000,0x0000000747935ae8,0x0000000753080000)
 Metaspace       used 203455K, capacity 214270K, committed 214568K, reserved 1236992K
  class space    used 24430K, capacity 26274K, committed 26408K, reserved 1048576K
Event: 10708.594 GC heap after
Heap after GC invocations=75 (full 7):
 PSYoungGen      total 554496K, used 58923K [0x0000000795580000, 0x00000007bf780000, 0x00000007c0000000)
  eden space 429056K, 0% used [0x0000000795580000,0x0000000795580000,0x00000007af880000)
  from space 125440K, 46% used [0x00000007b7d00000,0x00000007bb68aeb0,0x00000007bf780000)
  to   space 130560K, 0% used [0x00000007af880000,0x00000007af880000,0x00000007b7800000)
 ParOldGen       total 311808K, used 124118K [0x0000000740000000, 0x0000000753080000, 0x0000000795580000)
  object space 311808K, 39% used [0x0000000740000000,0x0000000747935ae8,0x0000000753080000)
 Metaspace       used 203455K, capacity 214270K, committed 214568K, reserved 1236992K
  class space    used 24430K, capacity 26274K, committed 26408K, reserved 1048576K
}

