# JRE version: OpenJDK Runtime Environment (8.0_242) (build 1.8.0_242-release-1644-b3-6222593)
# Java VM: OpenJDK 64-Bit Server VM (25.242-b3-6222593 mixed mode bsd-amd64 compressed oops)
Heap:
 PSYoungGen      total 565248K, used 28748K [0x0000000795580000, 0x00000007bf500000, 0x00000007c0000000)
  eden space 439296K, 0% used [0x0000000795580000,0x0000000795580000,0x00000007b0280000)
  from space 125952K, 22% used [0x00000007b7980000,0x00000007b9593200,0x00000007bf480000)
  to   space 121856K, 0% used [0x00000007b0280000,0x00000007b0280000,0x00000007b7980000)
 ParOldGen       total 614400K, used 546760K [0x0000000740000000, 0x0000000765800000, 0x0000000795580000)
  object space 614400K, 88% used [0x0000000740000000,0x00000007615f2188,0x0000000765800000)
 Metaspace       used 784618K, capacity 801236K, committed 801448K, reserved 1755136K
  class space    used 91746K, capacity 94812K, committed 94888K, reserved 1048576K
GC Heap History (10 events):
Event: 41815.923 GC heap after
Heap after GC invocations=429 (full 29):
 PSYoungGen      total 556544K, used 8944K [0x0000000795580000, 0x00000007bfe00000, 0x00000007c0000000)
  eden space 419328K, 0% used [0x0000000795580000,0x0000000795580000,0x00000007aef00000)
  from space 137216K, 6% used [0x00000007b7800000,0x00000007b80bc090,0x00000007bfe00000)
  to   space 138752K, 0% used [0x00000007aef00000,0x00000007aef00000,0x00000007b7680000)
 ParOldGen       total 614400K, used 457898K [0x0000000740000000, 0x0000000765800000, 0x0000000795580000)
  object space 614400K, 74% used [0x0000000740000000,0x000000075bf2aa10,0x0000000765800000)
 Metaspace       used 783756K, capacity 799982K, committed 801192K, reserved 1755136K
  class space    used 91630K, capacity 94595K, committed 94888K, reserved 1048576K
}
Event: 41861.885 GC heap before
{Heap before GC invocations=430 (full 29):
 PSYoungGen      total 556544K, used 428272K [0x0000000795580000, 0x00000007bfe00000, 0x00000007c0000000)
  eden space 419328K, 100% used [0x0000000795580000,0x00000007aef00000,0x00000007aef00000)
  from space 137216K, 6% used [0x00000007b7800000,0x00000007b80bc090,0x00000007bfe00000)
  to   space 138752K, 0% used [0x00000007aef00000,0x00000007aef00000,0x00000007b7680000)
 ParOldGen       total 614400K, used 457898K [0x0000000740000000, 0x0000000765800000, 0x0000000795580000)
  object space 614400K, 74% used [0x0000000740000000,0x000000075bf2aa10,0x0000000765800000)
 Metaspace       used 783759K, capacity 799982K, committed 801192K, reserved 1755136K
  class space    used 91630K, capacity 94595K, committed 94888K, reserved 1048576K
Event: 41861.919 GC heap after
Heap after GC invocations=430 (full 29):
 PSYoungGen      total 440320K, used 20656K [0x0000000795580000, 0x00000007bf980000, 0x00000007c0000000)
  eden space 419328K, 0% used [0x0000000795580000,0x0000000795580000,0x00000007aef00000)
  from space 20992K, 98% used [0x00000007aef00000,0x00000007b032c010,0x00000007b0380000)
  to   space 134656K, 0% used [0x00000007b7600000,0x00000007b7600000,0x00000007bf980000)
 ParOldGen       total 614400K, used 457962K [0x0000000740000000, 0x0000000765800000, 0x0000000795580000)
  object space 614400K, 74% used [0x0000000740000000,0x000000075bf3aa30,0x0000000765800000)
 Metaspace       used 783759K, capacity 799982K, committed 801192K, reserved 1755136K
  class space    used 91630K, capacity 94595K, committed 94888K, reserved 1048576K
}
Event: 41865.867 GC heap before
{Heap before GC invocations=431 (full 29):
 PSYoungGen      total 440320K, used 439984K [0x0000000795580000, 0x00000007bf980000, 0x00000007c0000000)
  eden space 419328K, 100% used [0x0000000795580000,0x00000007aef00000,0x00000007aef00000)
  from space 20992K, 98% used [0x00000007aef00000,0x00000007b032c010,0x00000007b0380000)
  to   space 134656K, 0% used [0x00000007b7600000,0x00000007b7600000,0x00000007bf980000)
 ParOldGen       total 614400K, used 457962K [0x0000000740000000, 0x0000000765800000, 0x0000000795580000)
  object space 614400K, 74% used [0x0000000740000000,0x000000075bf3aa30,0x0000000765800000)
 Metaspace       used 783981K, capacity 800308K, committed 801192K, reserved 1755136K
  class space    used 91666K, capacity 94668K, committed 94888K, reserved 1048576K
Event: 41865.975 GC heap after
Heap after GC invocations=431 (full 29):
 PSYoungGen      total 563200K, used 55019K [0x0000000795580000, 0x00000007c0000000, 0x00000007c0000000)
  eden space 428544K, 0% used [0x0000000795580000,0x0000000795580000,0x00000007af800000)
  from space 134656K, 40% used [0x00000007b7600000,0x00000007babbac58,0x00000007bf980000)
  to   space 129024K, 0% used [0x00000007af800000,0x00000007af800000,0x00000007b7600000)
 ParOldGen       total 614400K, used 474877K [0x0000000740000000, 0x0000000765800000, 0x0000000795580000)
  object space 614400K, 77% used [0x0000000740000000,0x000000075cfbf470,0x0000000765800000)
 Metaspace       used 783981K, capacity 800308K, committed 801192K, reserved 1755136K
  class space    used 91666K, capacity 94668K, committed 94888K, reserved 1048576K
}
Event: 41869.969 GC heap before
{Heap before GC invocations=432 (full 29):
 PSYoungGen      total 563200K, used 483563K [0x0000000795580000, 0x00000007c0000000, 0x00000007c0000000)
  eden space 428544K, 100% used [0x0000000795580000,0x00000007af800000,0x00000007af800000)
  from space 134656K, 40% used [0x00000007b7600000,0x00000007babbac58,0x00000007bf980000)
  to   space 129024K, 0% used [0x00000007af800000,0x00000007af800000,0x00000007b7600000)
 ParOldGen       total 614400K, used 474877K [0x0000000740000000, 0x0000000765800000, 0x0000000795580000)
  object space 614400K, 77% used [0x0000000740000000,0x000000075cfbf470,0x0000000765800000)
 Metaspace       used 784013K, capacity 800314K, committed 801192K, reserved 1755136K
  class space    used 91667K, capacity 94669K, committed 94888K, reserved 1048576K
Event: 41870.158 GC heap after
Heap after GC invocations=432 (full 29):
 PSYoungGen      total 557568K, used 61878K [0x0000000795580000, 0x00000007bf480000, 0x00000007c0000000)
  eden space 428544K, 0% used [0x0000000795580000,0x0000000795580000,0x00000007af800000)
  from space 129024K, 47% used [0x00000007af800000,0x00000007b346db00,0x00000007b7600000)
  to   space 125952K, 0% used [0x00000007b7980000,0x00000007b7980000,0x00000007bf480000)
 ParOldGen       total 614400K, used 522208K [0x0000000740000000, 0x0000000765800000, 0x0000000795580000)
  object space 614400K, 84% used [0x0000000740000000,0x000000075fdf83e0,0x0000000765800000)
 Metaspace       used 784013K, capacity 800314K, committed 801192K, reserved 1755136K
  class space    used 91667K, capacity 94669K, committed 94888K, reserved 1048576K
}
Event: 41974.365 GC heap before
{Heap before GC invocations=433 (full 29):
 PSYoungGen      total 557568K, used 490422K [0x0000000795580000, 0x00000007bf480000, 0x00000007c0000000)
  eden space 428544K, 100% used [0x0000000795580000,0x00000007af800000,0x00000007af800000)
  from space 129024K, 47% used [0x00000007af800000,0x00000007b346db00,0x00000007b7600000)
  to   space 125952K, 0% used [0x00000007b7980000,0x00000007b7980000,0x00000007bf480000)
 ParOldGen       total 614400K, used 522208K [0x0000000740000000, 0x0000000765800000, 0x0000000795580000)
  object space 614400K, 84% used [0x0000000740000000,0x000000075fdf83e0,0x0000000765800000)
 Metaspace       used 784618K, capacity 801236K, committed 801448K, reserved 1755136K
  class space    used 91746K, capacity 94812K, committed 94888K, reserved 1048576K
Event: 41975.089 GC heap after
Heap after GC invocations=433 (full 29):
 PSYoungGen      total 565248K, used 28748K [0x0000000795580000, 0x00000007bf500000, 0x00000007c0000000)
  eden space 439296K, 0% used [0x0000000795580000,0x0000000795580000,0x00000007b0280000)
  from space 125952K, 22% used [0x00000007b7980000,0x00000007b9593200,0x00000007bf480000)
  to   space 121856K, 0% used [0x00000007b0280000,0x00000007b0280000,0x00000007b7980000)
 ParOldGen       total 614400K, used 546760K [0x0000000740000000, 0x0000000765800000, 0x0000000795580000)
  object space 614400K, 88% used [0x0000000740000000,0x00000007615f2188,0x0000000765800000)
 Metaspace       used 784618K, capacity 801236K, committed 801448K, reserved 1755136K
  class space    used 91746K, capacity 94812K, committed 94888K, reserved 1048576K
}
Event: 41975.089 GC heap before
{Heap before GC invocations=434 (full 30):
 PSYoungGen      total 565248K, used 28748K [0x0000000795580000, 0x00000007bf500000, 0x00000007c0000000)
  eden space 439296K, 0% used [0x0000000795580000,0x0000000795580000,0x00000007b0280000)
  from space 125952K, 22% used [0x00000007b7980000,0x00000007b9593200,0x00000007bf480000)
  to   space 121856K, 0% used [0x00000007b0280000,0x00000007b0280000,0x00000007b7980000)
 ParOldGen       total 614400K, used 546760K [0x0000000740000000, 0x0000000765800000, 0x0000000795580000)
  object space 614400K, 88% used [0x0000000740000000,0x00000007615f2188,0x0000000765800000)
 Metaspace       used 784618K, capacity 801236K, committed 801448K, reserved 1755136K
  class space    used 91746K, capacity 94812K, committed 94888K, reserved 1048576K

