# JRE version: OpenJDK Runtime Environment (8.0_242) (build 1.8.0_242-release-1644-b3-6222593)
# Java VM: OpenJDK 64-Bit Server VM (25.242-b3-6222593 mixed mode bsd-amd64 compressed oops)
Heap:
 PSYoungGen      total 539136K, used 406147K [0x0000000795580000, 0x00000007bfe80000, 0x00000007c0000000)
  eden space 394240K, 100% used [0x0000000795580000,0x00000007ad680000,0x00000007ad680000)
  from space 144896K, 8% used [0x00000007ad680000,0x00000007ae220e38,0x00000007b6400000)
  to   space 144896K, 20% used [0x00000007b7100000,0x00000007b8db6250,0x00000007bfe80000)
 ParOldGen       total 338944K, used 282814K [0x0000000740000000, 0x0000000754b00000, 0x0000000795580000)
  object space 338944K, 83% used [0x0000000740000000,0x000000075142fba0,0x0000000754b00000)
 Metaspace       used 211910K, capacity 222746K, committed 223144K, reserved 1245184K
  class space    used 25402K, capacity 27246K, committed 27304K, reserved 1048576K
GC Heap History (10 events):
Event: 3827.704 GC heap after
Heap after GC invocations=58 (full 5):
 PSYoungGen      total 539648K, used 99155K [0x0000000795580000, 0x00000007c0000000, 0x00000007c0000000)
  eden space 389632K, 0% used [0x0000000795580000,0x0000000795580000,0x00000007ad200000)
  from space 150016K, 66% used [0x00000007ad200000,0x00000007b32d4ce8,0x00000007b6480000)
  to   space 153088K, 0% used [0x00000007b6a80000,0x00000007b6a80000,0x00000007c0000000)
 ParOldGen       total 338944K, used 267955K [0x0000000740000000, 0x0000000754b00000, 0x0000000795580000)
  object space 338944K, 79% used [0x0000000740000000,0x00000007505aced8,0x0000000754b00000)
 Metaspace       used 191966K, capacity 202562K, committed 203048K, reserved 1226752K
  class space    used 23206K, capacity 25016K, committed 25128K, reserved 1048576K
}
Event: 4130.637 GC heap before
{Heap before GC invocations=59 (full 5):
 PSYoungGen      total 539648K, used 488787K [0x0000000795580000, 0x00000007c0000000, 0x00000007c0000000)
  eden space 389632K, 100% used [0x0000000795580000,0x00000007ad200000,0x00000007ad200000)
  from space 150016K, 66% used [0x00000007ad200000,0x00000007b32d4ce8,0x00000007b6480000)
  to   space 153088K, 0% used [0x00000007b6a80000,0x00000007b6a80000,0x00000007c0000000)
 ParOldGen       total 338944K, used 267955K [0x0000000740000000, 0x0000000754b00000, 0x0000000795580000)
  object space 338944K, 79% used [0x0000000740000000,0x00000007505aced8,0x0000000754b00000)
 Metaspace       used 192073K, capacity 202632K, committed 203048K, reserved 1226752K
  class space    used 23210K, capacity 25017K, committed 25128K, reserved 1048576K
Event: 4130.795 GC heap after
Heap after GC invocations=59 (full 5):
 PSYoungGen      total 545792K, used 23261K [0x0000000795580000, 0x00000007c0000000, 0x00000007c0000000)
  eden space 392704K, 0% used [0x0000000795580000,0x0000000795580000,0x00000007ad500000)
  from space 153088K, 15% used [0x00000007b6a80000,0x00000007b8137558,0x00000007c0000000)
  to   space 153088K, 0% used [0x00000007ad500000,0x00000007ad500000,0x00000007b6a80000)
 ParOldGen       total 338944K, used 268147K [0x0000000740000000, 0x0000000754b00000, 0x0000000795580000)
  object space 338944K, 79% used [0x0000000740000000,0x00000007505dced8,0x0000000754b00000)
 Metaspace       used 192073K, capacity 202632K, committed 203048K, reserved 1226752K
  class space    used 23210K, capacity 25017K, committed 25128K, reserved 1048576K
}
Event: 4139.509 GC heap before
{Heap before GC invocations=60 (full 5):
 PSYoungGen      total 545792K, used 415965K [0x0000000795580000, 0x00000007c0000000, 0x00000007c0000000)
  eden space 392704K, 100% used [0x0000000795580000,0x00000007ad500000,0x00000007ad500000)
  from space 153088K, 15% used [0x00000007b6a80000,0x00000007b8137558,0x00000007c0000000)
  to   space 153088K, 0% used [0x00000007ad500000,0x00000007ad500000,0x00000007b6a80000)
 ParOldGen       total 338944K, used 268147K [0x0000000740000000, 0x0000000754b00000, 0x0000000795580000)
  object space 338944K, 79% used [0x0000000740000000,0x00000007505dced8,0x0000000754b00000)
 Metaspace       used 201634K, capacity 212300K, committed 212776K, reserved 1236992K
  class space    used 24248K, capacity 26085K, committed 26152K, reserved 1048576K
Event: 4139.671 GC heap after
Heap after GC invocations=60 (full 5):
 PSYoungGen      total 447488K, used 54451K [0x0000000795580000, 0x00000007bf300000, 0x00000007c0000000)
  eden space 392704K, 0% used [0x0000000795580000,0x0000000795580000,0x00000007ad500000)
  from space 54784K, 99% used [0x00000007ad500000,0x00000007b0a2ccb0,0x00000007b0a80000)
  to   space 146432K, 0% used [0x00000007b6400000,0x00000007b6400000,0x00000007bf300000)
 ParOldGen       total 338944K, used 271638K [0x0000000740000000, 0x0000000754b00000, 0x0000000795580000)
  object space 338944K, 80% used [0x0000000740000000,0x00000007509459f0,0x0000000754b00000)
 Metaspace       used 201634K, capacity 212300K, committed 212776K, reserved 1236992K
  class space    used 24248K, capacity 26085K, committed 26152K, reserved 1048576K
}
Event: 4143.027 GC heap before
{Heap before GC invocations=61 (full 5):
 PSYoungGen      total 447488K, used 447155K [0x0000000795580000, 0x00000007bf300000, 0x00000007c0000000)
  eden space 392704K, 100% used [0x0000000795580000,0x00000007ad500000,0x00000007ad500000)
  from space 54784K, 99% used [0x00000007ad500000,0x00000007b0a2ccb0,0x00000007b0a80000)
  to   space 146432K, 0% used [0x00000007b6400000,0x00000007b6400000,0x00000007bf300000)
 ParOldGen       total 338944K, used 271638K [0x0000000740000000, 0x0000000754b00000, 0x0000000795580000)
  object space 338944K, 80% used [0x0000000740000000,0x00000007509459f0,0x0000000754b00000)
 Metaspace       used 204261K, capacity 214946K, committed 215336K, reserved 1239040K
  class space    used 24569K, capacity 26402K, committed 26408K, reserved 1048576K
Event: 4143.112 GC heap after
Heap after GC invocations=61 (full 5):
 PSYoungGen      total 540672K, used 26443K [0x0000000795580000, 0x00000007c0000000, 0x00000007c0000000)
  eden space 394240K, 0% used [0x0000000795580000,0x0000000795580000,0x00000007ad680000)
  from space 146432K, 18% used [0x00000007b6400000,0x00000007b7dd2d68,0x00000007bf300000)
  to   space 144896K, 0% used [0x00000007ad680000,0x00000007ad680000,0x00000007b6400000)
 ParOldGen       total 338944K, used 278454K [0x0000000740000000, 0x0000000754b00000, 0x0000000795580000)
  object space 338944K, 82% used [0x0000000740000000,0x0000000750feda10,0x0000000754b00000)
 Metaspace       used 204261K, capacity 214946K, committed 215336K, reserved 1239040K
  class space    used 24569K, capacity 26402K, committed 26408K, reserved 1048576K
}
Event: 4363.392 GC heap before
{Heap before GC invocations=62 (full 5):
 PSYoungGen      total 540672K, used 420683K [0x0000000795580000, 0x00000007c0000000, 0x00000007c0000000)
  eden space 394240K, 100% used [0x0000000795580000,0x00000007ad680000,0x00000007ad680000)
  from space 146432K, 18% used [0x00000007b6400000,0x00000007b7dd2d68,0x00000007bf300000)
  to   space 144896K, 0% used [0x00000007ad680000,0x00000007ad680000,0x00000007b6400000)
 ParOldGen       total 338944K, used 278454K [0x0000000740000000, 0x0000000754b00000, 0x0000000795580000)
  object space 338944K, 82% used [0x0000000740000000,0x0000000750feda10,0x0000000754b00000)
 Metaspace       used 204367K, capacity 215146K, committed 215592K, reserved 1239040K
  class space    used 24569K, capacity 26402K, committed 26408K, reserved 1048576K
Event: 4363.560 GC heap after
Heap after GC invocations=62 (full 5):
 PSYoungGen      total 539136K, used 11907K [0x0000000795580000, 0x00000007bfe80000, 0x00000007c0000000)
  eden space 394240K, 0% used [0x0000000795580000,0x0000000795580000,0x00000007ad680000)
  from space 144896K, 8% used [0x00000007ad680000,0x00000007ae220e38,0x00000007b6400000)
  to   space 144896K, 0% used [0x00000007b7100000,0x00000007b7100000,0x00000007bfe80000)
 ParOldGen       total 338944K, used 281938K [0x0000000740000000, 0x0000000754b00000, 0x0000000795580000)
  object space 338944K, 83% used [0x0000000740000000,0x0000000751354988,0x0000000754b00000)
 Metaspace       used 204367K, capacity 215146K, committed 215592K, reserved 1239040K
  class space    used 24569K, capacity 26402K, committed 26408K, reserved 1048576K
}
Event: 4375.697 GC heap before
{Heap before GC invocations=63 (full 5):
 PSYoungGen      total 539136K, used 406147K [0x0000000795580000, 0x00000007bfe80000, 0x00000007c0000000)
  eden space 394240K, 100% used [0x0000000795580000,0x00000007ad680000,0x00000007ad680000)
  from space 144896K, 8% used [0x00000007ad680000,0x00000007ae220e38,0x00000007b6400000)
  to   space 144896K, 0% used [0x00000007b7100000,0x00000007b7100000,0x00000007bfe80000)
 ParOldGen       total 338944K, used 281938K [0x0000000740000000, 0x0000000754b00000, 0x0000000795580000)
  object space 338944K, 83% used [0x0000000740000000,0x0000000751354988,0x0000000754b00000)
 Metaspace       used 211910K, capacity 222746K, committed 223144K, reserved 1245184K
  class space    used 25402K, capacity 27246K, committed 27304K, reserved 1048576K

