# JRE version: OpenJDK Runtime Environment (8.0_242) (build 1.8.0_242-release-1644-b3-6222593)
# Java VM: OpenJDK 64-Bit Server VM (25.242-b3-6222593 mixed mode bsd-amd64 compressed oops)
Heap:
 PSYoungGen      total 534528K, used 285706K [0x0000000795580000, 0x00000007bfd00000, 0x00000007c0000000)
  eden space 373248K, 76% used [0x0000000795580000,0x00000007a6c82bf0,0x00000007ac200000)
  from space 161280K, 0% used [0x00000007ac200000,0x00000007ac200000,0x00000007b5f80000)
  to   space 161280K, 0% used [0x00000007b5f80000,0x00000007b5f80000,0x00000007bfd00000)
 ParOldGen       total 302592K, used 89149K [0x0000000740000000, 0x0000000752780000, 0x0000000795580000)
  object space 302592K, 29% used [0x0000000740000000,0x000000074570f590,0x0000000752780000)
 Metaspace       used 143071K, capacity 153078K, committed 153600K, reserved 1183744K
  class space    used 17814K, capacity 19546K, committed 19712K, reserved 1048576K
GC Heap History (10 events):
Event: 1044.329 GC heap before
{Heap before GC invocations=36 (full 4):
 PSYoungGen      total 529408K, used 465362K [0x0000000795580000, 0x00000007bfc80000, 0x00000007c0000000)
  eden space 369664K, 100% used [0x0000000795580000,0x00000007abe80000,0x00000007abe80000)
  from space 159744K, 59% used [0x00000007abe80000,0x00000007b1bf4888,0x00000007b5a80000)
  to   space 157696K, 0% used [0x00000007b6280000,0x00000007b6280000,0x00000007bfc80000)
 ParOldGen       total 328192K, used 213414K [0x0000000740000000, 0x0000000754080000, 0x0000000795580000)
  object space 328192K, 65% used [0x0000000740000000,0x000000074d069990,0x0000000754080000)
 Metaspace       used 137627K, capacity 145866K, committed 146176K, reserved 1177600K
  class space    used 17093K, capacity 18618K, committed 18688K, reserved 1048576K
Event: 1044.637 GC heap after
Heap after GC invocations=36 (full 4):
 PSYoungGen      total 528896K, used 119099K [0x0000000795580000, 0x00000007c0000000, 0x00000007c0000000)
  eden space 371200K, 0% used [0x0000000795580000,0x0000000795580000,0x00000007ac000000)
  from space 157696K, 75% used [0x00000007b6280000,0x00000007bd6cede0,0x00000007bfc80000)
  to   space 163840K, 0% used [0x00000007ac000000,0x00000007ac000000,0x00000007b6000000)
 ParOldGen       total 328192K, used 213422K [0x0000000740000000, 0x0000000754080000, 0x0000000795580000)
  object space 328192K, 65% used [0x0000000740000000,0x000000074d06b990,0x0000000754080000)
 Metaspace       used 137627K, capacity 145866K, committed 146176K, reserved 1177600K
  class space    used 17093K, capacity 18618K, committed 18688K, reserved 1048576K
}
Event: 1047.799 GC heap before
{Heap before GC invocations=37 (full 4):
 PSYoungGen      total 528896K, used 490299K [0x0000000795580000, 0x00000007c0000000, 0x00000007c0000000)
  eden space 371200K, 100% used [0x0000000795580000,0x00000007ac000000,0x00000007ac000000)
  from space 157696K, 75% used [0x00000007b6280000,0x00000007bd6cede0,0x00000007bfc80000)
  to   space 163840K, 0% used [0x00000007ac000000,0x00000007ac000000,0x00000007b6000000)
 ParOldGen       total 328192K, used 213422K [0x0000000740000000, 0x0000000754080000, 0x0000000795580000)
  object space 328192K, 65% used [0x0000000740000000,0x000000074d06b990,0x0000000754080000)
 Metaspace       used 141663K, capacity 150004K, committed 150272K, reserved 1179648K
  class space    used 17585K, capacity 19115K, committed 19200K, reserved 1048576K
Event: 1047.914 GC heap after
Heap after GC invocations=37 (full 4):
 PSYoungGen      total 478720K, used 107223K [0x0000000795580000, 0x00000007c0000000, 0x00000007c0000000)
  eden space 371200K, 0% used [0x0000000795580000,0x0000000795580000,0x00000007ac000000)
  from space 107520K, 99% used [0x00000007ac000000,0x00000007b28b5f88,0x00000007b2900000)
  to   space 164352K, 0% used [0x00000007b5f80000,0x00000007b5f80000,0x00000007c0000000)
 ParOldGen       total 328192K, used 213430K [0x0000000740000000, 0x0000000754080000, 0x0000000795580000)
  object space 328192K, 65% used [0x0000000740000000,0x000000074d06d990,0x0000000754080000)
 Metaspace       used 141663K, capacity 150004K, committed 150272K, reserved 1179648K
  class space    used 17585K, capacity 19115K, committed 19200K, reserved 1048576K
}
Event: 1151.594 GC heap before
{Heap before GC invocations=38 (full 4):
 PSYoungGen      total 478720K, used 478423K [0x0000000795580000, 0x00000007c0000000, 0x00000007c0000000)
  eden space 371200K, 100% used [0x0000000795580000,0x00000007ac000000,0x00000007ac000000)
  from space 107520K, 99% used [0x00000007ac000000,0x00000007b28b5f88,0x00000007b2900000)
  to   space 164352K, 0% used [0x00000007b5f80000,0x00000007b5f80000,0x00000007c0000000)
 ParOldGen       total 328192K, used 213430K [0x0000000740000000, 0x0000000754080000, 0x0000000795580000)
  object space 328192K, 65% used [0x0000000740000000,0x000000074d06d990,0x0000000754080000)
 Metaspace       used 142969K, capacity 153030K, committed 153344K, reserved 1183744K
  class space    used 17840K, capacity 19586K, committed 19712K, reserved 1048576K
Event: 1151.724 GC heap after
Heap after GC invocations=38 (full 4):
 PSYoungGen      total 537600K, used 100111K [0x0000000795580000, 0x00000007c0000000, 0x00000007c0000000)
  eden space 373248K, 0% used [0x0000000795580000,0x0000000795580000,0x00000007ac200000)
  from space 164352K, 60% used [0x00000007b5f80000,0x00000007bc143d08,0x00000007c0000000)
  to   space 161280K, 0% used [0x00000007ac200000,0x00000007ac200000,0x00000007b5f80000)
 ParOldGen       total 328192K, used 229198K [0x0000000740000000, 0x0000000754080000, 0x0000000795580000)
  object space 328192K, 69% used [0x0000000740000000,0x000000074dfd3b10,0x0000000754080000)
 Metaspace       used 142969K, capacity 153030K, committed 153344K, reserved 1183744K
  class space    used 17840K, capacity 19586K, committed 19712K, reserved 1048576K
}
Event: 1159.327 GC heap before
{Heap before GC invocations=39 (full 4):
 PSYoungGen      total 537600K, used 324684K [0x0000000795580000, 0x00000007c0000000, 0x00000007c0000000)
  eden space 373248K, 60% used [0x0000000795580000,0x00000007a30cf428,0x00000007ac200000)
  from space 164352K, 60% used [0x00000007b5f80000,0x00000007bc143d08,0x00000007c0000000)
  to   space 161280K, 0% used [0x00000007ac200000,0x00000007ac200000,0x00000007b5f80000)
 ParOldGen       total 328192K, used 229198K [0x0000000740000000, 0x0000000754080000, 0x0000000795580000)
  object space 328192K, 69% used [0x0000000740000000,0x000000074dfd3b10,0x0000000754080000)
 Metaspace       used 143209K, capacity 153220K, committed 153344K, reserved 1183744K
  class space    used 17856K, capacity 19623K, committed 19712K, reserved 1048576K
Event: 1159.439 GC heap after
Heap after GC invocations=39 (full 4):
 PSYoungGen      total 534528K, used 46822K [0x0000000795580000, 0x00000007bfd00000, 0x00000007c0000000)
  eden space 373248K, 0% used [0x0000000795580000,0x0000000795580000,0x00000007ac200000)
  from space 161280K, 29% used [0x00000007ac200000,0x00000007aefb9a38,0x00000007b5f80000)
  to   space 161280K, 0% used [0x00000007b5f80000,0x00000007b5f80000,0x00000007bfd00000)
 ParOldGen       total 328192K, used 273012K [0x0000000740000000, 0x0000000754080000, 0x0000000795580000)
  object space 328192K, 83% used [0x0000000740000000,0x0000000750a9d3e8,0x0000000754080000)
 Metaspace       used 143209K, capacity 153220K, committed 153344K, reserved 1183744K
  class space    used 17856K, capacity 19623K, committed 19712K, reserved 1048576K
}
Event: 1159.439 GC heap before
{Heap before GC invocations=40 (full 5):
 PSYoungGen      total 534528K, used 46822K [0x0000000795580000, 0x00000007bfd00000, 0x00000007c0000000)
  eden space 373248K, 0% used [0x0000000795580000,0x0000000795580000,0x00000007ac200000)
  from space 161280K, 29% used [0x00000007ac200000,0x00000007aefb9a38,0x00000007b5f80000)
  to   space 161280K, 0% used [0x00000007b5f80000,0x00000007b5f80000,0x00000007bfd00000)
 ParOldGen       total 328192K, used 273012K [0x0000000740000000, 0x0000000754080000, 0x0000000795580000)
  object space 328192K, 83% used [0x0000000740000000,0x0000000750a9d3e8,0x0000000754080000)
 Metaspace       used 143209K, capacity 153220K, committed 153344K, reserved 1183744K
  class space    used 17856K, capacity 19623K, committed 19712K, reserved 1048576K
Event: 1160.223 GC heap after
Heap after GC invocations=40 (full 5):
 PSYoungGen      total 534528K, used 0K [0x0000000795580000, 0x00000007bfd00000, 0x00000007c0000000)
  eden space 373248K, 0% used [0x0000000795580000,0x0000000795580000,0x00000007ac200000)
  from space 161280K, 0% used [0x00000007ac200000,0x00000007ac200000,0x00000007b5f80000)
  to   space 161280K, 0% used [0x00000007b5f80000,0x00000007b5f80000,0x00000007bfd00000)
 ParOldGen       total 302592K, used 89149K [0x0000000740000000, 0x0000000752780000, 0x0000000795580000)
  object space 302592K, 29% used [0x0000000740000000,0x000000074570f590,0x0000000752780000)
 Metaspace       used 142788K, capacity 152558K, committed 153344K, reserved 1183744K
  class space    used 17772K, capacity 19474K, committed 19712K, reserved 1048576K
}

